{"/app/src/app.ts": {"path":"/app/src/app.ts","statementMap":{"0":{"start":{"line":1,"column":0},"end":{"line":1,"column":26}},"1":{"start":{"line":2,"column":0},"end":{"line":2,"column":48}},"2":{"start":{"line":4,"column":0},"end":{"line":4,"column":42}},"3":{"start":{"line":5,"column":0},"end":{"line":5,"column":24}},"4":{"start":{"line":6,"column":0},"end":{"line":6,"column":28}},"5":{"start":{"line":7,"column":0},"end":{"line":7,"column":41}},"6":{"start":{"line":8,"column":0},"end":{"line":8,"column":34}},"7":{"start":{"line":9,"column":0},"end":{"line":9,"column":39}},"8":{"start":{"line":10,"column":0},"end":{"line":10,"column":37}},"9":{"start":{"line":11,"column":0},"end":{"line":11,"column":35}},"10":{"start":{"line":12,"column":0},"end":{"line":12,"column":74}},"11":{"start":{"line":13,"column":0},"end":{"line":13,"column":28}},"12":{"start":{"line":15,"column":28},"end":{"line":30,"column":1}},"13":{"start":{"line":16,"column":2},"end":{"line":20,"column":null}},"14":{"start":{"line":17,"column":4},"end":{"line":17,"column":50}},"15":{"start":{"line":18,"column":23},"end":{"line":18,"column":96}},"16":{"start":{"line":19,"column":4},"end":{"line":19,"column":98}},"17":{"start":{"line":22,"column":2},"end":{"line":22,"column":20}},"18":{"start":{"line":23,"column":2},"end":{"line":23,"column":18}},"19":{"start":{"line":25,"column":2},"end":{"line":27,"column":null}},"20":{"start":{"line":26,"column":4},"end":{"line":26,"column":52}},"21":{"start":{"line":29,"column":2},"end":{"line":29,"column":45}},"22":{"start":{"line":36,"column":4},"end":{"line":36,"column":28}},"23":{"start":{"line":38,"column":4},"end":{"line":38,"column":28}},"24":{"start":{"line":39,"column":4},"end":{"line":39,"column":31}},"25":{"start":{"line":40,"column":4},"end":{"line":40,"column":27}},"26":{"start":{"line":44,"column":4},"end":{"line":50,"column":null}},"27":{"start":{"line":45,"column":6},"end":{"line":45,"column":39}},"28":{"start":{"line":46,"column":6},"end":{"line":46,"column":51}},"29":{"start":{"line":48,"column":6},"end":{"line":48,"column":56}},"30":{"start":{"line":49,"column":6},"end":{"line":49,"column":18}},"31":{"start":{"line":54,"column":4},"end":{"line":58,"column":6}},"32":{"start":{"line":56,"column":48},"end":{"line":56,"column":77}},"33":{"start":{"line":62,"column":4},"end":{"line":62,"column":39}},"34":{"start":{"line":63,"column":4},"end":{"line":63,"column":64}},"35":{"start":{"line":64,"column":4},"end":{"line":64,"column":30}},"36":{"start":{"line":65,"column":4},"end":{"line":65,"column":28}},"37":{"start":{"line":66,"column":4},"end":{"line":66,"column":36}},"38":{"start":{"line":70,"column":4},"end":{"line":70,"column":41}},"39":{"start":{"line":71,"column":4},"end":{"line":75,"column":7}},"40":{"start":{"line":72,"column":26},"end":{"line":72,"column":65}},"41":{"start":{"line":73,"column":6},"end":{"line":73,"column":22}},"42":{"start":{"line":74,"column":6},"end":{"line":74,"column":55}},"43":{"start":{"line":76,"column":4},"end":{"line":76,"column":41}},"44":{"start":{"line":32,"column":0},"end":{"line":32,"column":13}}},"fnMap":{"0":{"name":"(anonymous_7)","decl":{"start":{"line":15,"column":28},"end":{"line":15,"column":46}},"loc":{"start":{"line":15,"column":107},"end":{"line":30,"column":1}}},"1":{"name":"(anonymous_8)","decl":{"start":{"line":35,"column":2},"end":{"line":35,"column":null}},"loc":{"start":{"line":35,"column":2},"end":{"line":41,"column":3}}},"2":{"name":"(anonymous_9)","decl":{"start":{"line":43,"column":9},"end":{"line":43,"column":14}},"loc":{"start":{"line":43,"column":32},"end":{"line":51,"column":3}}},"3":{"name":"(anonymous_10)","decl":{"start":{"line":53,"column":10},"end":{"line":53,"column":26}},"loc":{"start":{"line":53,"column":26},"end":{"line":59,"column":3}}},"4":{"name":"(anonymous_11)","decl":{"start":{"line":56,"column":14},"end":{"line":56,"column":15}},"loc":{"start":{"line":56,"column":48},"end":{"line":56,"column":77}}},"5":{"name":"(anonymous_12)","decl":{"start":{"line":61,"column":10},"end":{"line":61,"column":29}},"loc":{"start":{"line":61,"column":29},"end":{"line":67,"column":3}}},"6":{"name":"(anonymous_13)","decl":{"start":{"line":69,"column":10},"end":{"line":69,"column":25}},"loc":{"start":{"line":69,"column":25},"end":{"line":77,"column":3}}},"7":{"name":"(anonymous_14)","decl":{"start":{"line":71,"column":20},"end":{"line":71,"column":21}},"loc":{"start":{"line":71,"column":53},"end":{"line":75,"column":5}}}},"branchMap":{"0":{"loc":{"start":{"line":16,"column":2},"end":{"line":20,"column":null}},"type":"if","locations":[{"start":{"line":16,"column":2},"end":{"line":20,"column":null}}]},"1":{"loc":{"start":{"line":18,"column":23},"end":{"line":18,"column":96}},"type":"binary-expr","locations":[{"start":{"line":18,"column":23},"end":{"line":18,"column":50}},{"start":{"line":18,"column":54},"end":{"line":18,"column":96}}]},"2":{"loc":{"start":{"line":19,"column":22},"end":{"line":19,"column":39}},"type":"binary-expr","locations":[{"start":{"line":19,"column":22},"end":{"line":19,"column":32}},{"start":{"line":19,"column":36},"end":{"line":19,"column":39}}]},"3":{"loc":{"start":{"line":25,"column":2},"end":{"line":27,"column":null}},"type":"if","locations":[{"start":{"line":25,"column":2},"end":{"line":27,"column":null}}]}},"s":{"0":1,"1":1,"2":1,"3":1,"4":1,"5":1,"6":1,"7":1,"8":1,"9":1,"10":1,"11":1,"12":1,"13":5,"14":5,"15":5,"16":5,"17":0,"18":0,"19":0,"20":0,"21":0,"22":1,"23":1,"24":1,"25":1,"26":1,"27":1,"28":1,"29":0,"30":0,"31":1,"32":9,"33":1,"34":1,"35":1,"36":1,"37":1,"38":1,"39":1,"40":0,"41":0,"42":0,"43":1,"44":1},"f":{"0":5,"1":1,"2":1,"3":1,"4":9,"5":1,"6":1,"7":0},"b":{"0":[5],"1":[5,5],"2":[5,0],"3":[0]}}
,"/app/src/config/config.ts": {"path":"/app/src/config/config.ts","statementMap":{"0":{"start":{"line":1,"column":13},"end":{"line":5,"column":2}}},"fnMap":{},"branchMap":{"0":{"loc":{"start":{"line":4,"column":8},"end":{"line":4,"column":42}},"type":"binary-expr","locations":[{"start":{"line":4,"column":8},"end":{"line":4,"column":34}},{"start":{"line":4,"column":38},"end":{"line":4,"column":42}}]}},"s":{"0":1},"f":{},"b":{"0":[1,0]}}
,"/app/src/config/index.ts": {"path":"/app/src/config/index.ts","statementMap":{"0":{"start":{"line":1,"column":0},"end":{"line":1,"column":9}},"1":{"start":{"line":1,"column":9},"end":{"line":1,"column":34}}},"fnMap":{"0":{"name":"(anonymous_0)","decl":{"start":{"line":1,"column":9},"end":{"line":1,"column":15}},"loc":{"start":{"line":1,"column":9},"end":{"line":1,"column":34}}}},"branchMap":{},"s":{"0":1,"1":16},"f":{"0":15},"b":{}}
,"/app/src/controllers/auth.controller.ts": {"path":"/app/src/controllers/auth.controller.ts","statementMap":{"0":{"start":{"line":2,"column":0},"end":{"line":2,"column":46}},"1":{"start":{"line":3,"column":0},"end":{"line":3,"column":40}},"2":{"start":{"line":4,"column":0},"end":{"line":4,"column":42}},"3":{"start":{"line":12,"column":2},"end":{"line":22,"column":null}},"4":{"start":{"line":13,"column":4},"end":{"line":13,"column":42}},"5":{"start":{"line":15,"column":46},"end":{"line":15,"column":54}},"6":{"start":{"line":17,"column":21},"end":{"line":17,"column":61}},"7":{"start":{"line":19,"column":4},"end":{"line":19,"column":56}},"8":{"start":{"line":21,"column":4},"end":{"line":21,"column":14}},"9":{"start":{"line":26,"column":2},"end":{"line":34,"column":null}},"10":{"start":{"line":27,"column":22},"end":{"line":27,"column":33}},"11":{"start":{"line":29,"column":4},"end":{"line":29,"column":36}},"12":{"start":{"line":31,"column":4},"end":{"line":31,"column":46}},"13":{"start":{"line":33,"column":4},"end":{"line":33,"column":14}},"14":{"start":{"line":36,"column":13},"end":{"line":39,"column":2}}},"fnMap":{"0":{"name":"login","decl":{"start":{"line":11,"column":15},"end":{"line":11,"column":20}},"loc":{"start":{"line":11,"column":68},"end":{"line":23,"column":1}}},"1":{"name":"logout","decl":{"start":{"line":25,"column":15},"end":{"line":25,"column":21}},"loc":{"start":{"line":25,"column":69},"end":{"line":35,"column":1}}}},"branchMap":{},"s":{"0":1,"1":1,"2":1,"3":2,"4":2,"5":1,"6":1,"7":1,"8":1,"9":1,"10":1,"11":1,"12":1,"13":0,"14":1},"f":{"0":2,"1":1},"b":{}}
,"/app/src/controllers/category.controller.ts": {"path":"/app/src/controllers/category.controller.ts","statementMap":{"0":{"start":{"line":1,"column":0},"end":{"line":1,"column":48}},"1":{"start":{"line":3,"column":0},"end":{"line":3,"column":53}},"2":{"start":{"line":4,"column":0},"end":{"line":4,"column":46}},"3":{"start":{"line":7,"column":2},"end":{"line":16,"column":null}},"4":{"start":{"line":8,"column":27},"end":{"line":8,"column":37}},"5":{"start":{"line":9,"column":35},"end":{"line":9,"column":44}},"6":{"start":{"line":11,"column":4},"end":{"line":11,"column":82}},"7":{"start":{"line":13,"column":4},"end":{"line":13,"column":39}},"8":{"start":{"line":15,"column":4},"end":{"line":15,"column":14}},"9":{"start":{"line":20,"column":2},"end":{"line":35,"column":null}},"10":{"start":{"line":21,"column":27},"end":{"line":21,"column":37}},"11":{"start":{"line":23,"column":21},"end":{"line":26,"column":6}},"12":{"start":{"line":28,"column":4},"end":{"line":30,"column":null}},"13":{"start":{"line":29,"column":6},"end":{"line":29,"column":66}},"14":{"start":{"line":32,"column":4},"end":{"line":32,"column":49}},"15":{"start":{"line":34,"column":4},"end":{"line":34,"column":14}},"16":{"start":{"line":39,"column":2},"end":{"line":45,"column":null}},"17":{"start":{"line":40,"column":21},"end":{"line":40,"column":78}},"18":{"start":{"line":42,"column":4},"end":{"line":42,"column":49}},"19":{"start":{"line":44,"column":4},"end":{"line":44,"column":14}},"20":{"start":{"line":48,"column":13},"end":{"line":52,"column":2}}},"fnMap":{"0":{"name":"deleteCategory","decl":{"start":{"line":6,"column":15},"end":{"line":6,"column":29}},"loc":{"start":{"line":6,"column":77},"end":{"line":17,"column":1}}},"1":{"name":"getCategoryById","decl":{"start":{"line":19,"column":15},"end":{"line":19,"column":30}},"loc":{"start":{"line":19,"column":78},"end":{"line":36,"column":1}}},"2":{"name":"getAllCategories","decl":{"start":{"line":38,"column":15},"end":{"line":38,"column":31}},"loc":{"start":{"line":38,"column":80},"end":{"line":46,"column":1}}}},"branchMap":{"0":{"loc":{"start":{"line":28,"column":4},"end":{"line":30,"column":null}},"type":"if","locations":[{"start":{"line":28,"column":4},"end":{"line":30,"column":null}}]}},"s":{"0":1,"1":1,"2":1,"3":0,"4":0,"5":0,"6":0,"7":0,"8":0,"9":0,"10":0,"11":0,"12":0,"13":0,"14":0,"15":0,"16":0,"17":0,"18":0,"19":0,"20":1},"f":{"0":0,"1":0,"2":0},"b":{"0":[0]}}
,"/app/src/controllers/financial_goal.controller.ts": {"path":"/app/src/controllers/financial_goal.controller.ts","statementMap":{"0":{"start":{"line":2,"column":0},"end":{"line":2,"column":40}},"1":{"start":{"line":3,"column":0},"end":{"line":3,"column":45}},"2":{"start":{"line":4,"column":0},"end":{"line":4,"column":46}},"3":{"start":{"line":5,"column":0},"end":{"line":5,"column":51}},"4":{"start":{"line":6,"column":0},"end":{"line":6,"column":70}},"5":{"start":{"line":9,"column":2},"end":{"line":24,"column":null}},"6":{"start":{"line":10,"column":4},"end":{"line":10,"column":42}},"7":{"start":{"line":12,"column":23},"end":{"line":12,"column":33}},"8":{"start":{"line":14,"column":38},"end":{"line":17,"column":6}},"9":{"start":{"line":19,"column":26},"end":{"line":19,"column":78}},"10":{"start":{"line":21,"column":4},"end":{"line":21,"column":54}},"11":{"start":{"line":23,"column":4},"end":{"line":23,"column":21}},"12":{"start":{"line":28,"column":2},"end":{"line":47,"column":null}},"13":{"start":{"line":29,"column":23},"end":{"line":29,"column":33}},"14":{"start":{"line":30,"column":23},"end":{"line":30,"column":33}},"15":{"start":{"line":32,"column":26},"end":{"line":41,"column":null}},"16":{"start":{"line":44,"column":4},"end":{"line":44,"column":61}},"17":{"start":{"line":46,"column":4},"end":{"line":46,"column":21}},"18":{"start":{"line":51,"column":2},"end":{"line":68,"column":null}},"19":{"start":{"line":52,"column":23},"end":{"line":52,"column":33}},"20":{"start":{"line":54,"column":27},"end":{"line":62,"column":null}},"21":{"start":{"line":65,"column":4},"end":{"line":65,"column":62}},"22":{"start":{"line":67,"column":4},"end":{"line":67,"column":21}},"23":{"start":{"line":71,"column":13},"end":{"line":75,"column":2}}},"fnMap":{"0":{"name":"createFinancialGoal","decl":{"start":{"line":8,"column":15},"end":{"line":8,"column":34}},"loc":{"start":{"line":8,"column":82},"end":{"line":25,"column":1}}},"1":{"name":"getFinancialGoalById","decl":{"start":{"line":27,"column":15},"end":{"line":27,"column":35}},"loc":{"start":{"line":27,"column":83},"end":{"line":48,"column":1}}},"2":{"name":"getAllFinancialGoals","decl":{"start":{"line":50,"column":15},"end":{"line":50,"column":35}},"loc":{"start":{"line":50,"column":84},"end":{"line":69,"column":1}}}},"branchMap":{},"s":{"0":1,"1":1,"2":1,"3":1,"4":1,"5":0,"6":0,"7":0,"8":0,"9":0,"10":0,"11":0,"12":0,"13":0,"14":0,"15":0,"16":0,"17":0,"18":0,"19":0,"20":0,"21":0,"22":0,"23":1},"f":{"0":0,"1":0,"2":0},"b":{}}
,"/app/src/controllers/index.ts": {"path":"/app/src/controllers/index.ts","statementMap":{"0":{"start":{"line":1,"column":0},"end":{"line":1,"column":9}},"1":{"start":{"line":1,"column":9},"end":{"line":1,"column":51}},"2":{"start":{"line":2,"column":0},"end":{"line":2,"column":9}},"3":{"start":{"line":2,"column":9},"end":{"line":2,"column":51}},"4":{"start":{"line":3,"column":0},"end":{"line":3,"column":9}},"5":{"start":{"line":3,"column":9},"end":{"line":3,"column":63}},"6":{"start":{"line":4,"column":0},"end":{"line":4,"column":9}},"7":{"start":{"line":4,"column":9},"end":{"line":4,"column":65}},"8":{"start":{"line":5,"column":0},"end":{"line":5,"column":9}},"9":{"start":{"line":5,"column":9},"end":{"line":5,"column":59}},"10":{"start":{"line":6,"column":0},"end":{"line":6,"column":9}},"11":{"start":{"line":6,"column":9},"end":{"line":6,"column":70}}},"fnMap":{"0":{"name":"(anonymous_0)","decl":{"start":{"line":1,"column":9},"end":{"line":1,"column":23}},"loc":{"start":{"line":1,"column":9},"end":{"line":1,"column":51}}},"1":{"name":"(anonymous_1)","decl":{"start":{"line":2,"column":9},"end":{"line":2,"column":23}},"loc":{"start":{"line":2,"column":9},"end":{"line":2,"column":51}}},"2":{"name":"(anonymous_2)","decl":{"start":{"line":3,"column":9},"end":{"line":3,"column":29}},"loc":{"start":{"line":3,"column":9},"end":{"line":3,"column":63}}},"3":{"name":"(anonymous_3)","decl":{"start":{"line":4,"column":9},"end":{"line":4,"column":30}},"loc":{"start":{"line":4,"column":9},"end":{"line":4,"column":65}}},"4":{"name":"(anonymous_4)","decl":{"start":{"line":5,"column":9},"end":{"line":5,"column":27}},"loc":{"start":{"line":5,"column":9},"end":{"line":5,"column":59}}},"5":{"name":"(anonymous_5)","decl":{"start":{"line":6,"column":9},"end":{"line":6,"column":32}},"loc":{"start":{"line":6,"column":9},"end":{"line":6,"column":70}}}},"branchMap":{},"s":{"0":1,"1":3,"2":1,"3":3,"4":1,"5":13,"6":1,"7":8,"8":1,"9":4,"10":1,"11":4},"f":{"0":2,"1":2,"2":12,"3":7,"4":3,"5":3},"b":{}}
,"/app/src/controllers/middleware.controller.ts": {"path":"/app/src/controllers/middleware.controller.ts","statementMap":{"0":{"start":{"line":2,"column":0},"end":{"line":2,"column":48}},"1":{"start":{"line":5,"column":2},"end":{"line":9,"column":null}},"2":{"start":{"line":6,"column":4},"end":{"line":6,"column":58}},"3":{"start":{"line":8,"column":4},"end":{"line":8,"column":14}},"4":{"start":{"line":13,"column":2},"end":{"line":17,"column":null}},"5":{"start":{"line":14,"column":4},"end":{"line":14,"column":48}},"6":{"start":{"line":16,"column":4},"end":{"line":16,"column":14}},"7":{"start":{"line":20,"column":13},"end":{"line":23,"column":2}}},"fnMap":{"0":{"name":"authorization","decl":{"start":{"line":4,"column":15},"end":{"line":4,"column":28}},"loc":{"start":{"line":4,"column":76},"end":{"line":10,"column":1}}},"1":{"name":"onlyLogin","decl":{"start":{"line":12,"column":9},"end":{"line":12,"column":18}},"loc":{"start":{"line":12,"column":66},"end":{"line":18,"column":1}}}},"branchMap":{},"s":{"0":1,"1":9,"2":9,"3":0,"4":4,"5":4,"6":2,"7":1},"f":{"0":9,"1":4},"b":{}}
,"/app/src/controllers/transaction.controller.ts": {"path":"/app/src/controllers/transaction.controller.ts","statementMap":{"0":{"start":{"line":1,"column":0},"end":{"line":1,"column":64}},"1":{"start":{"line":2,"column":0},"end":{"line":2,"column":65}},"2":{"start":{"line":3,"column":0},"end":{"line":3,"column":61}},"3":{"start":{"line":4,"column":0},"end":{"line":4,"column":60}},"4":{"start":{"line":5,"column":0},"end":{"line":5,"column":49}},"5":{"start":{"line":7,"column":0},"end":{"line":7,"column":71}},"6":{"start":{"line":13,"column":2},"end":{"line":52,"column":null}},"7":{"start":{"line":14,"column":4},"end":{"line":14,"column":42}},"8":{"start":{"line":16,"column":17},"end":{"line":16,"column":25}},"9":{"start":{"line":20,"column":4},"end":{"line":22,"column":7}},"10":{"start":{"line":24,"column":29},"end":{"line":24,"column":33}},"11":{"start":{"line":26,"column":4},"end":{"line":45,"column":null}},"12":{"start":{"line":27,"column":21},"end":{"line":27,"column":80}},"13":{"start":{"line":29,"column":6},"end":{"line":31,"column":null}},"14":{"start":{"line":30,"column":8},"end":{"line":30,"column":71}},"15":{"start":{"line":33,"column":6},"end":{"line":39,"column":8}},"16":{"start":{"line":35,"column":10},"end":{"line":38,"column":12}},"17":{"start":{"line":41,"column":6},"end":{"line":44,"column":9}},"18":{"start":{"line":47,"column":24},"end":{"line":47,"column":89}},"19":{"start":{"line":49,"column":4},"end":{"line":49,"column":52}},"20":{"start":{"line":51,"column":4},"end":{"line":51,"column":14}},"21":{"start":{"line":56,"column":2},"end":{"line":79,"column":null}},"22":{"start":{"line":57,"column":30},"end":{"line":57,"column":40}},"23":{"start":{"line":58,"column":23},"end":{"line":58,"column":33}},"24":{"start":{"line":60,"column":24},"end":{"line":69,"column":null}},"25":{"start":{"line":72,"column":4},"end":{"line":74,"column":null}},"26":{"start":{"line":73,"column":6},"end":{"line":73,"column":72}},"27":{"start":{"line":76,"column":4},"end":{"line":76,"column":52}},"28":{"start":{"line":78,"column":4},"end":{"line":78,"column":14}},"29":{"start":{"line":83,"column":2},"end":{"line":123,"column":null}},"30":{"start":{"line":84,"column":4},"end":{"line":84,"column":42}},"31":{"start":{"line":86,"column":23},"end":{"line":86,"column":33}},"32":{"start":{"line":87,"column":48},"end":{"line":87,"column":57}},"33":{"start":{"line":89,"column":50},"end":{"line":91,"column":6}},"34":{"start":{"line":93,"column":4},"end":{"line":95,"column":null}},"35":{"start":{"line":94,"column":6},"end":{"line":94,"column":51}},"36":{"start":{"line":97,"column":4},"end":{"line":99,"column":null}},"37":{"start":{"line":98,"column":6},"end":{"line":98,"column":39}},"38":{"start":{"line":101,"column":4},"end":{"line":103,"column":null}},"39":{"start":{"line":102,"column":6},"end":{"line":102,"column":23}},"40":{"start":{"line":105,"column":4},"end":{"line":107,"column":null}},"41":{"start":{"line":106,"column":6},"end":{"line":106,"column":25}},"42":{"start":{"line":110,"column":4},"end":{"line":118,"column":null}},"43":{"start":{"line":111,"column":6},"end":{"line":111,"column":84}},"44":{"start":{"line":113,"column":6},"end":{"line":117,"column":9}},"45":{"start":{"line":120,"column":4},"end":{"line":120,"column":53}},"46":{"start":{"line":122,"column":4},"end":{"line":122,"column":14}},"47":{"start":{"line":127,"column":2},"end":{"line":135,"column":null}},"48":{"start":{"line":128,"column":30},"end":{"line":128,"column":40}},"49":{"start":{"line":130,"column":4},"end":{"line":130,"column":62}},"50":{"start":{"line":132,"column":4},"end":{"line":132,"column":39}},"51":{"start":{"line":134,"column":4},"end":{"line":134,"column":14}},"52":{"start":{"line":139,"column":2},"end":{"line":147,"column":null}},"53":{"start":{"line":140,"column":23},"end":{"line":140,"column":33}},"54":{"start":{"line":142,"column":24},"end":{"line":142,"column":74}},"55":{"start":{"line":144,"column":4},"end":{"line":144,"column":52}},"56":{"start":{"line":146,"column":4},"end":{"line":146,"column":14}},"57":{"start":{"line":151,"column":2},"end":{"line":171,"column":null}},"58":{"start":{"line":152,"column":23},"end":{"line":152,"column":33}},"59":{"start":{"line":154,"column":18},"end":{"line":157,"column":6}},"60":{"start":{"line":159,"column":25},"end":{"line":161,"column":null}},"61":{"start":{"line":160,"column":53},"end":{"line":160,"column":78}},"62":{"start":{"line":164,"column":4},"end":{"line":168,"column":6}},"63":{"start":{"line":170,"column":4},"end":{"line":170,"column":14}},"64":{"start":{"line":175,"column":2},"end":{"line":187,"column":null}},"65":{"start":{"line":176,"column":4},"end":{"line":176,"column":42}},"66":{"start":{"line":178,"column":23},"end":{"line":178,"column":33}},"67":{"start":{"line":179,"column":23},"end":{"line":179,"column":31}},"68":{"start":{"line":180,"column":30},"end":{"line":180,"column":40}},"69":{"start":{"line":182,"column":4},"end":{"line":182,"column":83}},"70":{"start":{"line":184,"column":4},"end":{"line":184,"column":39}},"71":{"start":{"line":186,"column":4},"end":{"line":186,"column":21}},"72":{"start":{"line":190,"column":13},"end":{"line":198,"column":2}}},"fnMap":{"0":{"name":"createTransaction","decl":{"start":{"line":12,"column":15},"end":{"line":12,"column":32}},"loc":{"start":{"line":12,"column":80},"end":{"line":53,"column":1}}},"1":{"name":"(anonymous_1)","decl":{"start":{"line":34,"column":8},"end":{"line":34,"column":9}},"loc":{"start":{"line":35,"column":10},"end":{"line":38,"column":12}}},"2":{"name":"getTransactionById","decl":{"start":{"line":55,"column":15},"end":{"line":55,"column":33}},"loc":{"start":{"line":55,"column":81},"end":{"line":80,"column":1}}},"3":{"name":"getAllTransactionsByUserId","decl":{"start":{"line":82,"column":15},"end":{"line":82,"column":41}},"loc":{"start":{"line":82,"column":89},"end":{"line":124,"column":1}}},"4":{"name":"deleteTrasactions","decl":{"start":{"line":126,"column":15},"end":{"line":126,"column":32}},"loc":{"start":{"line":126,"column":80},"end":{"line":136,"column":1}}},"5":{"name":"getMonthsAndYears","decl":{"start":{"line":138,"column":15},"end":{"line":138,"column":32}},"loc":{"start":{"line":138,"column":81},"end":{"line":148,"column":1}}},"6":{"name":"getTotalSavings","decl":{"start":{"line":150,"column":15},"end":{"line":150,"column":30}},"loc":{"start":{"line":150,"column":79},"end":{"line":172,"column":1}}},"7":{"name":"(anonymous_7)","decl":{"start":{"line":160,"column":6},"end":{"line":160,"column":7}},"loc":{"start":{"line":160,"column":53},"end":{"line":160,"column":78}}},"8":{"name":"setGoalIdInTrnasaction","decl":{"start":{"line":174,"column":15},"end":{"line":174,"column":37}},"loc":{"start":{"line":174,"column":85},"end":{"line":188,"column":1}}}},"branchMap":{"0":{"loc":{"start":{"line":26,"column":4},"end":{"line":45,"column":null}},"type":"if","locations":[{"start":{"line":26,"column":4},"end":{"line":45,"column":null}},{"start":{"line":40,"column":11},"end":{"line":45,"column":null}}]},"1":{"loc":{"start":{"line":29,"column":6},"end":{"line":31,"column":null}},"type":"if","locations":[{"start":{"line":29,"column":6},"end":{"line":31,"column":null}}]},"2":{"loc":{"start":{"line":72,"column":4},"end":{"line":74,"column":null}},"type":"if","locations":[{"start":{"line":72,"column":4},"end":{"line":74,"column":null}}]},"3":{"loc":{"start":{"line":93,"column":4},"end":{"line":95,"column":null}},"type":"if","locations":[{"start":{"line":93,"column":4},"end":{"line":95,"column":null}}]},"4":{"loc":{"start":{"line":97,"column":4},"end":{"line":99,"column":null}},"type":"if","locations":[{"start":{"line":97,"column":4},"end":{"line":99,"column":null}}]},"5":{"loc":{"start":{"line":101,"column":4},"end":{"line":103,"column":null}},"type":"if","locations":[{"start":{"line":101,"column":4},"end":{"line":103,"column":null}}]},"6":{"loc":{"start":{"line":105,"column":4},"end":{"line":107,"column":null}},"type":"if","locations":[{"start":{"line":105,"column":4},"end":{"line":107,"column":null}}]},"7":{"loc":{"start":{"line":110,"column":4},"end":{"line":118,"column":null}},"type":"if","locations":[{"start":{"line":110,"column":4},"end":{"line":118,"column":null}},{"start":{"line":112,"column":11},"end":{"line":118,"column":null}}]}},"s":{"0":1,"1":1,"2":1,"3":1,"4":1,"5":1,"6":0,"7":0,"8":0,"9":0,"10":0,"11":0,"12":0,"13":0,"14":0,"15":0,"16":0,"17":0,"18":0,"19":0,"20":0,"21":0,"22":0,"23":0,"24":0,"25":0,"26":0,"27":0,"28":0,"29":0,"30":0,"31":0,"32":0,"33":0,"34":0,"35":0,"36":0,"37":0,"38":0,"39":0,"40":0,"41":0,"42":0,"43":0,"44":0,"45":0,"46":0,"47":0,"48":0,"49":0,"50":0,"51":0,"52":0,"53":0,"54":0,"55":0,"56":0,"57":0,"58":0,"59":0,"60":0,"61":0,"62":0,"63":0,"64":0,"65":0,"66":0,"67":0,"68":0,"69":0,"70":0,"71":0,"72":1},"f":{"0":0,"1":0,"2":0,"3":0,"4":0,"5":0,"6":0,"7":0,"8":0},"b":{"0":[0,0],"1":[0],"2":[0],"3":[0],"4":[0],"5":[0],"6":[0],"7":[0,0]}}
,"/app/src/controllers/user.controller.ts": {"path":"/app/src/controllers/user.controller.ts","statementMap":{"0":{"start":{"line":2,"column":0},"end":{"line":2,"column":60}},"1":{"start":{"line":3,"column":0},"end":{"line":3,"column":46}},"2":{"start":{"line":4,"column":0},"end":{"line":4,"column":40}},"3":{"start":{"line":5,"column":0},"end":{"line":5,"column":42}},"4":{"start":{"line":7,"column":0},"end":{"line":7,"column":51}},"5":{"start":{"line":8,"column":0},"end":{"line":8,"column":36}},"6":{"start":{"line":9,"column":0},"end":{"line":9,"column":37}},"7":{"start":{"line":12,"column":2},"end":{"line":22,"column":null}},"8":{"start":{"line":13,"column":4},"end":{"line":13,"column":42}},"9":{"start":{"line":15,"column":17},"end":{"line":15,"column":65}},"10":{"start":{"line":17,"column":38},"end":{"line":17,"column":67}},"11":{"start":{"line":19,"column":4},"end":{"line":19,"column":82}},"12":{"start":{"line":21,"column":4},"end":{"line":21,"column":14}},"13":{"start":{"line":26,"column":2},"end":{"line":42,"column":null}},"14":{"start":{"line":27,"column":23},"end":{"line":27,"column":33}},"15":{"start":{"line":29,"column":4},"end":{"line":31,"column":null}},"16":{"start":{"line":30,"column":6},"end":{"line":30,"column":60}},"17":{"start":{"line":33,"column":17},"end":{"line":37,"column":6}},"18":{"start":{"line":39,"column":4},"end":{"line":39,"column":52}},"19":{"start":{"line":41,"column":4},"end":{"line":41,"column":14}},"20":{"start":{"line":45,"column":13},"end":{"line":48,"column":2}}},"fnMap":{"0":{"name":"createUser","decl":{"start":{"line":11,"column":15},"end":{"line":11,"column":25}},"loc":{"start":{"line":11,"column":73},"end":{"line":23,"column":1}}},"1":{"name":"getUserById","decl":{"start":{"line":25,"column":15},"end":{"line":25,"column":26}},"loc":{"start":{"line":25,"column":75},"end":{"line":43,"column":1}}}},"branchMap":{"0":{"loc":{"start":{"line":29,"column":4},"end":{"line":31,"column":null}},"type":"if","locations":[{"start":{"line":29,"column":4},"end":{"line":31,"column":null}}]}},"s":{"0":1,"1":1,"2":1,"3":1,"4":1,"5":1,"6":1,"7":3,"8":3,"9":2,"10":2,"11":2,"12":2,"13":1,"14":1,"15":1,"16":0,"17":1,"18":1,"19":0,"20":1},"f":{"0":3,"1":1},"b":{"0":[0]}}
,"/app/src/enums/api_error.enum.ts": {"path":"/app/src/enums/api_error.enum.ts","statementMap":{"0":{"start":{"line":1,"column":0},"end":{"line":1,"column":null}},"1":{"start":{"line":2,"column":2},"end":{"line":2,"column":null}},"2":{"start":{"line":3,"column":4},"end":{"line":3,"column":null}},"3":{"start":{"line":4,"column":4},"end":{"line":4,"column":null}},"4":{"start":{"line":5,"column":4},"end":{"line":5,"column":null}},"5":{"start":{"line":6,"column":4},"end":{"line":6,"column":null}},"6":{"start":{"line":7,"column":4},"end":{"line":7,"column":null}},"7":{"start":{"line":8,"column":4},"end":{"line":8,"column":null}},"8":{"start":{"line":11,"column":2},"end":{"line":11,"column":null}},"9":{"start":{"line":12,"column":4},"end":{"line":12,"column":null}},"10":{"start":{"line":13,"column":4},"end":{"line":13,"column":null}},"11":{"start":{"line":14,"column":4},"end":{"line":14,"column":null}},"12":{"start":{"line":15,"column":4},"end":{"line":15,"column":null}},"13":{"start":{"line":18,"column":2},"end":{"line":18,"column":null}},"14":{"start":{"line":19,"column":4},"end":{"line":19,"column":null}},"15":{"start":{"line":20,"column":4},"end":{"line":20,"column":null}},"16":{"start":{"line":21,"column":4},"end":{"line":21,"column":null}},"17":{"start":{"line":22,"column":4},"end":{"line":22,"column":null}},"18":{"start":{"line":23,"column":4},"end":{"line":23,"column":null}},"19":{"start":{"line":26,"column":2},"end":{"line":26,"column":null}},"20":{"start":{"line":27,"column":4},"end":{"line":27,"column":null}},"21":{"start":{"line":28,"column":4},"end":{"line":28,"column":null}},"22":{"start":{"line":29,"column":4},"end":{"line":29,"column":null}},"23":{"start":{"line":30,"column":4},"end":{"line":30,"column":null}},"24":{"start":{"line":31,"column":4},"end":{"line":31,"column":null}},"25":{"start":{"line":34,"column":2},"end":{"line":34,"column":null}},"26":{"start":{"line":35,"column":4},"end":{"line":35,"column":null}},"27":{"start":{"line":36,"column":4},"end":{"line":36,"column":null}},"28":{"start":{"line":37,"column":4},"end":{"line":37,"column":null}},"29":{"start":{"line":40,"column":2},"end":{"line":40,"column":null}},"30":{"start":{"line":41,"column":4},"end":{"line":41,"column":null}},"31":{"start":{"line":42,"column":4},"end":{"line":42,"column":null}}},"fnMap":{"0":{"name":"(anonymous_0)","decl":{"start":{"line":1,"column":0},"end":{"line":1,"column":17}},"loc":{"start":{"line":1,"column":25},"end":{"line":44,"column":1}}},"1":{"name":"(anonymous_1)","decl":{"start":{"line":2,"column":2},"end":{"line":2,"column":14}},"loc":{"start":{"line":2,"column":18},"end":{"line":9,"column":3}}},"2":{"name":"(anonymous_2)","decl":{"start":{"line":11,"column":2},"end":{"line":11,"column":14}},"loc":{"start":{"line":11,"column":20},"end":{"line":16,"column":3}}},"3":{"name":"(anonymous_3)","decl":{"start":{"line":18,"column":2},"end":{"line":18,"column":14}},"loc":{"start":{"line":18,"column":18},"end":{"line":24,"column":3}}},"4":{"name":"(anonymous_4)","decl":{"start":{"line":26,"column":2},"end":{"line":26,"column":14}},"loc":{"start":{"line":26,"column":25},"end":{"line":32,"column":3}}},"5":{"name":"(anonymous_5)","decl":{"start":{"line":34,"column":2},"end":{"line":34,"column":14}},"loc":{"start":{"line":34,"column":22},"end":{"line":38,"column":3}}},"6":{"name":"(anonymous_6)","decl":{"start":{"line":40,"column":2},"end":{"line":40,"column":14}},"loc":{"start":{"line":40,"column":27},"end":{"line":43,"column":3}}}},"branchMap":{"0":{"loc":{"start":{"line":2,"column":14},"end":{"line":2,"column":null}},"type":"binary-expr","locations":[{"start":{"line":2,"column":14},"end":{"line":2,"column":18}},{"start":{"line":2,"column":14},"end":{"line":2,"column":null}}]},"1":{"loc":{"start":{"line":11,"column":14},"end":{"line":11,"column":null}},"type":"binary-expr","locations":[{"start":{"line":11,"column":14},"end":{"line":11,"column":20}},{"start":{"line":11,"column":14},"end":{"line":11,"column":null}}]},"2":{"loc":{"start":{"line":18,"column":14},"end":{"line":18,"column":null}},"type":"binary-expr","locations":[{"start":{"line":18,"column":14},"end":{"line":18,"column":18}},{"start":{"line":18,"column":14},"end":{"line":18,"column":null}}]},"3":{"loc":{"start":{"line":26,"column":14},"end":{"line":26,"column":null}},"type":"binary-expr","locations":[{"start":{"line":26,"column":14},"end":{"line":26,"column":25}},{"start":{"line":26,"column":14},"end":{"line":26,"column":null}}]},"4":{"loc":{"start":{"line":34,"column":14},"end":{"line":34,"column":null}},"type":"binary-expr","locations":[{"start":{"line":34,"column":14},"end":{"line":34,"column":22}},{"start":{"line":34,"column":14},"end":{"line":34,"column":null}}]},"5":{"loc":{"start":{"line":40,"column":14},"end":{"line":40,"column":null}},"type":"binary-expr","locations":[{"start":{"line":40,"column":14},"end":{"line":40,"column":27}},{"start":{"line":40,"column":14},"end":{"line":40,"column":null}}]},"6":{"loc":{"start":{"line":1,"column":17},"end":{"line":1,"column":null}},"type":"binary-expr","locations":[{"start":{"line":1,"column":17},"end":{"line":1,"column":25}},{"start":{"line":1,"column":17},"end":{"line":1,"column":null}}]}},"s":{"0":1,"1":1,"2":1,"3":1,"4":1,"5":1,"6":1,"7":1,"8":1,"9":1,"10":1,"11":1,"12":1,"13":1,"14":1,"15":1,"16":1,"17":1,"18":1,"19":1,"20":1,"21":1,"22":1,"23":1,"24":1,"25":1,"26":1,"27":1,"28":1,"29":1,"30":1,"31":1},"f":{"0":1,"1":1,"2":1,"3":1,"4":1,"5":1,"6":1},"b":{"0":[1,1],"1":[1,1],"2":[1,1],"3":[1,1],"4":[1,1],"5":[1,1],"6":[1,1]}}
,"/app/src/enums/currency.enum.ts": {"path":"/app/src/enums/currency.enum.ts","statementMap":{"0":{"start":{"line":1,"column":0},"end":{"line":1,"column":null}},"1":{"start":{"line":2,"column":2},"end":{"line":2,"column":null}},"2":{"start":{"line":3,"column":2},"end":{"line":3,"column":null}},"3":{"start":{"line":4,"column":2},"end":{"line":4,"column":null}}},"fnMap":{"0":{"name":"(anonymous_0)","decl":{"start":{"line":1,"column":0},"end":{"line":1,"column":12}},"loc":{"start":{"line":1,"column":24},"end":{"line":5,"column":1}}}},"branchMap":{"0":{"loc":{"start":{"line":1,"column":12},"end":{"line":1,"column":null}},"type":"binary-expr","locations":[{"start":{"line":1,"column":12},"end":{"line":1,"column":24}},{"start":{"line":1,"column":12},"end":{"line":1,"column":null}}]}},"s":{"0":1,"1":1,"2":1,"3":1},"f":{"0":1},"b":{"0":[1,1]}}
,"/app/src/enums/financial_goals.enum.ts": {"path":"/app/src/enums/financial_goals.enum.ts","statementMap":{"0":{"start":{"line":1,"column":0},"end":{"line":1,"column":null}},"1":{"start":{"line":2,"column":2},"end":{"line":2,"column":null}},"2":{"start":{"line":3,"column":2},"end":{"line":3,"column":null}}},"fnMap":{"0":{"name":"(anonymous_0)","decl":{"start":{"line":1,"column":0},"end":{"line":1,"column":12}},"loc":{"start":{"line":1,"column":30},"end":{"line":4,"column":1}}}},"branchMap":{"0":{"loc":{"start":{"line":1,"column":12},"end":{"line":1,"column":null}},"type":"binary-expr","locations":[{"start":{"line":1,"column":12},"end":{"line":1,"column":30}},{"start":{"line":1,"column":12},"end":{"line":1,"column":null}}]}},"s":{"0":1,"1":1,"2":1},"f":{"0":1},"b":{"0":[1,1]}}
,"/app/src/enums/index.ts": {"path":"/app/src/enums/index.ts","statementMap":{"0":{"start":{"line":1,"column":0},"end":{"line":1,"column":9}},"1":{"start":{"line":1,"column":9},"end":{"line":1,"column":44}},"2":{"start":{"line":2,"column":0},"end":{"line":2,"column":9}},"3":{"start":{"line":2,"column":9},"end":{"line":2,"column":58}},"4":{"start":{"line":3,"column":0},"end":{"line":3,"column":9}},"5":{"start":{"line":3,"column":9},"end":{"line":3,"column":47}},"6":{"start":{"line":4,"column":0},"end":{"line":4,"column":9}},"7":{"start":{"line":4,"column":9},"end":{"line":4,"column":41}},"8":{"start":{"line":5,"column":0},"end":{"line":5,"column":9}},"9":{"start":{"line":5,"column":9},"end":{"line":5,"column":60}}},"fnMap":{"0":{"name":"(anonymous_0)","decl":{"start":{"line":1,"column":9},"end":{"line":1,"column":17}},"loc":{"start":{"line":1,"column":9},"end":{"line":1,"column":44}}},"1":{"name":"(anonymous_1)","decl":{"start":{"line":2,"column":9},"end":{"line":2,"column":24}},"loc":{"start":{"line":2,"column":9},"end":{"line":2,"column":58}}},"2":{"name":"(anonymous_2)","decl":{"start":{"line":3,"column":9},"end":{"line":3,"column":21}},"loc":{"start":{"line":3,"column":9},"end":{"line":3,"column":47}}},"3":{"name":"(anonymous_3)","decl":{"start":{"line":4,"column":9},"end":{"line":4,"column":18}},"loc":{"start":{"line":4,"column":9},"end":{"line":4,"column":41}}},"4":{"name":"(anonymous_4)","decl":{"start":{"line":5,"column":9},"end":{"line":5,"column":27}},"loc":{"start":{"line":5,"column":9},"end":{"line":5,"column":60}}}},"branchMap":{},"s":{"0":1,"1":28,"2":1,"3":13,"4":1,"5":5,"6":1,"7":7,"8":1,"9":8},"f":{"0":27,"1":12,"2":4,"3":6,"4":7},"b":{}}
,"/app/src/enums/month.enum.ts": {"path":"/app/src/enums/month.enum.ts","statementMap":{"0":{"start":{"line":1,"column":0},"end":{"line":1,"column":null}},"1":{"start":{"line":2,"column":2},"end":{"line":2,"column":null}},"2":{"start":{"line":3,"column":2},"end":{"line":3,"column":null}},"3":{"start":{"line":4,"column":2},"end":{"line":4,"column":null}},"4":{"start":{"line":5,"column":2},"end":{"line":5,"column":null}},"5":{"start":{"line":6,"column":2},"end":{"line":6,"column":null}},"6":{"start":{"line":7,"column":2},"end":{"line":7,"column":null}},"7":{"start":{"line":8,"column":2},"end":{"line":8,"column":null}},"8":{"start":{"line":9,"column":2},"end":{"line":9,"column":null}},"9":{"start":{"line":10,"column":2},"end":{"line":10,"column":null}},"10":{"start":{"line":11,"column":2},"end":{"line":11,"column":null}},"11":{"start":{"line":12,"column":2},"end":{"line":12,"column":null}},"12":{"start":{"line":13,"column":2},"end":{"line":13,"column":null}}},"fnMap":{"0":{"name":"(anonymous_0)","decl":{"start":{"line":1,"column":0},"end":{"line":1,"column":12}},"loc":{"start":{"line":1,"column":21},"end":{"line":14,"column":1}}}},"branchMap":{"0":{"loc":{"start":{"line":1,"column":12},"end":{"line":1,"column":null}},"type":"binary-expr","locations":[{"start":{"line":1,"column":12},"end":{"line":1,"column":21}},{"start":{"line":1,"column":12},"end":{"line":1,"column":null}}]}},"s":{"0":1,"1":1,"2":1,"3":1,"4":1,"5":1,"6":1,"7":1,"8":1,"9":1,"10":1,"11":1,"12":1},"f":{"0":1},"b":{"0":[1,1]}}
,"/app/src/enums/transaction_type.enum.ts": {"path":"/app/src/enums/transaction_type.enum.ts","statementMap":{"0":{"start":{"line":1,"column":0},"end":{"line":1,"column":null}},"1":{"start":{"line":2,"column":2},"end":{"line":2,"column":null}},"2":{"start":{"line":3,"column":2},"end":{"line":3,"column":null}},"3":{"start":{"line":4,"column":2},"end":{"line":4,"column":null}},"4":{"start":{"line":5,"column":2},"end":{"line":5,"column":null}}},"fnMap":{"0":{"name":"(anonymous_0)","decl":{"start":{"line":1,"column":0},"end":{"line":1,"column":12}},"loc":{"start":{"line":1,"column":27},"end":{"line":6,"column":1}}}},"branchMap":{"0":{"loc":{"start":{"line":1,"column":12},"end":{"line":1,"column":null}},"type":"binary-expr","locations":[{"start":{"line":1,"column":12},"end":{"line":1,"column":27}},{"start":{"line":1,"column":12},"end":{"line":1,"column":null}}]}},"s":{"0":1,"1":1,"2":1,"3":1,"4":1},"f":{"0":1},"b":{"0":[1,1]}}
,"/app/src/helpers/day.helper.ts": {"path":"/app/src/helpers/day.helper.ts","statementMap":{"0":{"start":{"line":1,"column":0},"end":{"line":1,"column":37}},"1":{"start":{"line":2,"column":0},"end":{"line":2,"column":28}},"2":{"start":{"line":4,"column":25},"end":{"line":29,"column":1}},"3":{"start":{"line":5,"column":2},"end":{"line":28,"column":null}},"4":{"start":{"line":10,"column":6},"end":{"line":10,"column":16}},"5":{"start":{"line":18,"column":6},"end":{"line":18,"column":16}},"6":{"start":{"line":21,"column":19},"end":{"line":21,"column":34}},"7":{"start":{"line":23,"column":6},"end":{"line":27,"column":null}},"8":{"start":{"line":24,"column":8},"end":{"line":24,"column":18}},"9":{"start":{"line":26,"column":8},"end":{"line":26,"column":18}},"10":{"start":{"line":31,"column":13},"end":{"line":33,"column":2}}},"fnMap":{"0":{"name":"(anonymous_1)","decl":{"start":{"line":4,"column":25},"end":{"line":4,"column":26}},"loc":{"start":{"line":4,"column":54},"end":{"line":29,"column":1}}}},"branchMap":{"0":{"loc":{"start":{"line":5,"column":2},"end":{"line":28,"column":null}},"type":"switch","locations":[{"start":{"line":6,"column":4},"end":{"line":6,"column":25}},{"start":{"line":7,"column":4},"end":{"line":7,"column":24}},{"start":{"line":8,"column":4},"end":{"line":8,"column":29}},{"start":{"line":9,"column":4},"end":{"line":10,"column":16}},{"start":{"line":12,"column":4},"end":{"line":12,"column":27}},{"start":{"line":13,"column":4},"end":{"line":13,"column":25}},{"start":{"line":14,"column":4},"end":{"line":14,"column":23}},{"start":{"line":15,"column":4},"end":{"line":15,"column":26}},{"start":{"line":16,"column":4},"end":{"line":16,"column":27}},{"start":{"line":17,"column":4},"end":{"line":18,"column":16}},{"start":{"line":20,"column":4},"end":{"line":27,"column":null}}]},"1":{"loc":{"start":{"line":23,"column":6},"end":{"line":27,"column":null}},"type":"if","locations":[{"start":{"line":23,"column":6},"end":{"line":27,"column":null}},{"start":{"line":25,"column":13},"end":{"line":27,"column":null}}]},"2":{"loc":{"start":{"line":23,"column":10},"end":{"line":23,"column":44}},"type":"binary-expr","locations":[{"start":{"line":23,"column":10},"end":{"line":23,"column":24}},{"start":{"line":23,"column":28},"end":{"line":23,"column":44}}]}},"s":{"0":1,"1":1,"2":1,"3":0,"4":0,"5":0,"6":0,"7":0,"8":0,"9":0,"10":1},"f":{"0":0},"b":{"0":[0,0,0,0,0,0,0,0,0,0,0],"1":[0,0],"2":[0,0]}}
,"/app/src/helpers/index.ts": {"path":"/app/src/helpers/index.ts","statementMap":{"0":{"start":{"line":1,"column":0},"end":{"line":1,"column":9}},"1":{"start":{"line":1,"column":9},"end":{"line":1,"column":55}},"2":{"start":{"line":2,"column":0},"end":{"line":2,"column":9}},"3":{"start":{"line":2,"column":9},"end":{"line":2,"column":41}},"4":{"start":{"line":3,"column":0},"end":{"line":3,"column":9}},"5":{"start":{"line":3,"column":9},"end":{"line":3,"column":57}}},"fnMap":{"0":{"name":"(anonymous_0)","decl":{"start":{"line":1,"column":9},"end":{"line":1,"column":25}},"loc":{"start":{"line":1,"column":9},"end":{"line":1,"column":55}}},"1":{"name":"(anonymous_1)","decl":{"start":{"line":2,"column":9},"end":{"line":2,"column":18}},"loc":{"start":{"line":2,"column":9},"end":{"line":2,"column":41}}},"2":{"name":"(anonymous_2)","decl":{"start":{"line":3,"column":9},"end":{"line":3,"column":26}},"loc":{"start":{"line":3,"column":9},"end":{"line":3,"column":57}}}},"branchMap":{},"s":{"0":1,"1":6,"2":1,"3":1,"4":1,"5":1},"f":{"0":5,"1":0,"2":0},"b":{}}
,"/app/src/helpers/transaction.helper.ts": {"path":"/app/src/helpers/transaction.helper.ts","statementMap":{"0":{"start":{"line":1,"column":0},"end":{"line":1,"column":68}},"1":{"start":{"line":4,"column":0},"end":{"line":4,"column":41}},"2":{"start":{"line":6,"column":36},"end":{"line":115,"column":1}},"3":{"start":{"line":9,"column":70},"end":{"line":9,"column":72}},"4":{"start":{"line":11,"column":2},"end":{"line":112,"column":null}},"5":{"start":{"line":12,"column":4},"end":{"line":18,"column":null}},"6":{"start":{"line":13,"column":6},"end":{"line":17,"column":9}},"7":{"start":{"line":20,"column":4},"end":{"line":26,"column":null}},"8":{"start":{"line":21,"column":6},"end":{"line":25,"column":9}},"9":{"start":{"line":28,"column":4},"end":{"line":45,"column":null}},"10":{"start":{"line":29,"column":6},"end":{"line":33,"column":9}},"11":{"start":{"line":35,"column":6},"end":{"line":44,"column":null}},"12":{"start":{"line":39,"column":8},"end":{"line":43,"column":11}},"13":{"start":{"line":47,"column":4},"end":{"line":53,"column":null}},"14":{"start":{"line":48,"column":6},"end":{"line":52,"column":9}},"15":{"start":{"line":55,"column":4},"end":{"line":67,"column":null}},"16":{"start":{"line":62,"column":6},"end":{"line":66,"column":9}},"17":{"start":{"line":69,"column":4},"end":{"line":75,"column":null}},"18":{"start":{"line":70,"column":6},"end":{"line":74,"column":9}},"19":{"start":{"line":77,"column":4},"end":{"line":111,"column":null}},"20":{"start":{"line":78,"column":6},"end":{"line":82,"column":9}},"21":{"start":{"line":83,"column":11},"end":{"line":111,"column":null}},"22":{"start":{"line":84,"column":6},"end":{"line":88,"column":9}},"23":{"start":{"line":90,"column":6},"end":{"line":110,"column":null}},"24":{"start":{"line":91,"column":8},"end":{"line":101,"column":null}},"25":{"start":{"line":96,"column":10},"end":{"line":100,"column":13}},"26":{"start":{"line":103,"column":8},"end":{"line":109,"column":null}},"27":{"start":{"line":104,"column":10},"end":{"line":108,"column":13}},"28":{"start":{"line":114,"column":2},"end":{"line":114,"column":15}},"29":{"start":{"line":117,"column":13},"end":{"line":119,"column":2}}},"fnMap":{"0":{"name":"(anonymous_0)","decl":{"start":{"line":6,"column":36},"end":{"line":6,"column":null}},"loc":{"start":{"line":8,"column":58},"end":{"line":115,"column":1}}}},"branchMap":{"0":{"loc":{"start":{"line":12,"column":4},"end":{"line":18,"column":null}},"type":"if","locations":[{"start":{"line":12,"column":4},"end":{"line":18,"column":null}}]},"1":{"loc":{"start":{"line":20,"column":4},"end":{"line":26,"column":null}},"type":"if","locations":[{"start":{"line":20,"column":4},"end":{"line":26,"column":null}}]},"2":{"loc":{"start":{"line":20,"column":8},"end":{"line":20,"column":69}},"type":"binary-expr","locations":[{"start":{"line":20,"column":8},"end":{"line":20,"column":27}},{"start":{"line":20,"column":31},"end":{"line":20,"column":69}}]},"3":{"loc":{"start":{"line":28,"column":4},"end":{"line":45,"column":null}},"type":"if","locations":[{"start":{"line":28,"column":4},"end":{"line":45,"column":null}},{"start":{"line":34,"column":11},"end":{"line":45,"column":null}}]},"4":{"loc":{"start":{"line":35,"column":6},"end":{"line":44,"column":null}},"type":"if","locations":[{"start":{"line":35,"column":6},"end":{"line":44,"column":null}}]},"5":{"loc":{"start":{"line":36,"column":8},"end":{"line":37,"column":33}},"type":"binary-expr","locations":[{"start":{"line":36,"column":9},"end":{"line":36,"column":50}},{"start":{"line":36,"column":54},"end":{"line":36,"column":95}},{"start":{"line":37,"column":8},"end":{"line":37,"column":33}}]},"6":{"loc":{"start":{"line":47,"column":4},"end":{"line":53,"column":null}},"type":"if","locations":[{"start":{"line":47,"column":4},"end":{"line":53,"column":null}}]},"7":{"loc":{"start":{"line":55,"column":4},"end":{"line":67,"column":null}},"type":"if","locations":[{"start":{"line":55,"column":4},"end":{"line":67,"column":null}}]},"8":{"loc":{"start":{"line":57,"column":8},"end":{"line":59,"column":72}},"type":"binary-expr","locations":[{"start":{"line":57,"column":8},"end":{"line":57,"column":23}},{"start":{"line":58,"column":8},"end":{"line":58,"column":27}},{"start":{"line":59,"column":8},"end":{"line":59,"column":72}}]},"9":{"loc":{"start":{"line":69,"column":4},"end":{"line":75,"column":null}},"type":"if","locations":[{"start":{"line":69,"column":4},"end":{"line":75,"column":null}}]},"10":{"loc":{"start":{"line":69,"column":8},"end":{"line":69,"column":52}},"type":"binary-expr","locations":[{"start":{"line":69,"column":8},"end":{"line":69,"column":25}},{"start":{"line":69,"column":29},"end":{"line":69,"column":52}}]},"11":{"loc":{"start":{"line":77,"column":4},"end":{"line":111,"column":null}},"type":"if","locations":[{"start":{"line":77,"column":4},"end":{"line":111,"column":null}},{"start":{"line":83,"column":11},"end":{"line":111,"column":null}}]},"12":{"loc":{"start":{"line":77,"column":8},"end":{"line":77,"column":54}},"type":"binary-expr","locations":[{"start":{"line":77,"column":8},"end":{"line":77,"column":30}},{"start":{"line":77,"column":34},"end":{"line":77,"column":54}}]},"13":{"loc":{"start":{"line":83,"column":11},"end":{"line":111,"column":null}},"type":"if","locations":[{"start":{"line":83,"column":11},"end":{"line":111,"column":null}},{"start":{"line":89,"column":11},"end":{"line":111,"column":null}}]},"14":{"loc":{"start":{"line":83,"column":17},"end":{"line":83,"column":63}},"type":"binary-expr","locations":[{"start":{"line":83,"column":17},"end":{"line":83,"column":39}},{"start":{"line":83,"column":43},"end":{"line":83,"column":63}}]},"15":{"loc":{"start":{"line":90,"column":6},"end":{"line":110,"column":null}},"type":"if","locations":[{"start":{"line":90,"column":6},"end":{"line":110,"column":null}}]},"16":{"loc":{"start":{"line":90,"column":10},"end":{"line":90,"column":57}},"type":"binary-expr","locations":[{"start":{"line":90,"column":10},"end":{"line":90,"column":33}},{"start":{"line":90,"column":37},"end":{"line":90,"column":57}}]},"17":{"loc":{"start":{"line":91,"column":8},"end":{"line":101,"column":null}},"type":"if","locations":[{"start":{"line":91,"column":8},"end":{"line":101,"column":null}}]},"18":{"loc":{"start":{"line":92,"column":10},"end":{"line":94,"column":57}},"type":"binary-expr","locations":[{"start":{"line":92,"column":10},"end":{"line":92,"column":36}},{"start":{"line":93,"column":10},"end":{"line":93,"column":78}},{"start":{"line":94,"column":10},"end":{"line":94,"column":57}}]},"19":{"loc":{"start":{"line":103,"column":8},"end":{"line":109,"column":null}},"type":"if","locations":[{"start":{"line":103,"column":8},"end":{"line":109,"column":null}}]}},"s":{"0":1,"1":1,"2":1,"3":0,"4":0,"5":0,"6":0,"7":0,"8":0,"9":0,"10":0,"11":0,"12":0,"13":0,"14":0,"15":0,"16":0,"17":0,"18":0,"19":0,"20":0,"21":0,"22":0,"23":0,"24":0,"25":0,"26":0,"27":0,"28":0,"29":1},"f":{"0":0},"b":{"0":[0],"1":[0],"2":[0,0],"3":[0,0],"4":[0],"5":[0,0,0],"6":[0],"7":[0],"8":[0,0,0],"9":[0],"10":[0,0],"11":[0,0],"12":[0,0],"13":[0,0],"14":[0,0],"15":[0],"16":[0,0],"17":[0],"18":[0,0,0],"19":[0]}}
,"/app/src/helpers/validation.helper.ts": {"path":"/app/src/helpers/validation.helper.ts","statementMap":{"0":{"start":{"line":2,"column":0},"end":{"line":2,"column":78}},"1":{"start":{"line":3,"column":0},"end":{"line":3,"column":36}},"2":{"start":{"line":4,"column":0},"end":{"line":4,"column":37}},"3":{"start":{"line":6,"column":24},"end":{"line":12,"column":1}},"4":{"start":{"line":7,"column":42},"end":{"line":7,"column":63}},"5":{"start":{"line":9,"column":2},"end":{"line":11,"column":null}},"6":{"start":{"line":10,"column":4},"end":{"line":10,"column":75}},"7":{"start":{"line":14,"column":13},"end":{"line":14,"column":52}}},"fnMap":{"0":{"name":"(anonymous_0)","decl":{"start":{"line":6,"column":24},"end":{"line":6,"column":25}},"loc":{"start":{"line":6,"column":41},"end":{"line":12,"column":1}}}},"branchMap":{"0":{"loc":{"start":{"line":9,"column":2},"end":{"line":11,"column":null}},"type":"if","locations":[{"start":{"line":9,"column":2},"end":{"line":11,"column":null}}]}},"s":{"0":1,"1":1,"2":1,"3":1,"4":5,"5":5,"6":2,"7":1},"f":{"0":5},"b":{"0":[2]}}
,"/app/src/lib/custom_error.lib.ts": {"path":"/app/src/lib/custom_error.lib.ts","statementMap":{"0":{"start":{"line":1,"column":0},"end":{"line":1,"column":41}},"1":{"start":{"line":10,"column":4},"end":{"line":10,"column":43}},"2":{"start":{"line":11,"column":4},"end":{"line":11,"column":21}},"3":{"start":{"line":12,"column":4},"end":{"line":12,"column":51}},"4":{"start":{"line":13,"column":4},"end":{"line":13,"column":61}},"5":{"start":{"line":14,"column":4},"end":{"line":14,"column":31}},"6":{"start":{"line":3,"column":0},"end":{"line":3,"column":13}}},"fnMap":{"0":{"name":"(anonymous_0)","decl":{"start":{"line":9,"column":2},"end":{"line":9,"column":14}},"loc":{"start":{"line":9,"column":41},"end":{"line":15,"column":3}}}},"branchMap":{},"s":{"0":1,"1":5,"2":5,"3":5,"4":5,"5":5,"6":1},"f":{"0":5},"b":{}}
,"/app/src/lib/custom_errors.lib.ts": {"path":"/app/src/lib/custom_errors.lib.ts","statementMap":{"0":{"start":{"line":2,"column":0},"end":{"line":2,"column":73}},"1":{"start":{"line":4,"column":36},"end":{"line":4,"column":38}},"2":{"start":{"line":182,"column":9},"end":{"line":182,"column":21}},"3":{"start":{"line":6,"column":0},"end":{"line":13,"column":2}},"4":{"start":{"line":15,"column":0},"end":{"line":22,"column":2}},"5":{"start":{"line":24,"column":0},"end":{"line":31,"column":2}},"6":{"start":{"line":33,"column":0},"end":{"line":40,"column":2}},"7":{"start":{"line":42,"column":0},"end":{"line":49,"column":2}},"8":{"start":{"line":52,"column":0},"end":{"line":59,"column":2}},"9":{"start":{"line":61,"column":0},"end":{"line":68,"column":2}},"10":{"start":{"line":70,"column":0},"end":{"line":77,"column":2}},"11":{"start":{"line":81,"column":0},"end":{"line":88,"column":2}},"12":{"start":{"line":90,"column":0},"end":{"line":97,"column":2}},"13":{"start":{"line":99,"column":0},"end":{"line":106,"column":2}},"14":{"start":{"line":108,"column":0},"end":{"line":115,"column":2}},"15":{"start":{"line":118,"column":0},"end":{"line":125,"column":2}},"16":{"start":{"line":127,"column":0},"end":{"line":134,"column":2}},"17":{"start":{"line":136,"column":0},"end":{"line":143,"column":2}},"18":{"start":{"line":145,"column":0},"end":{"line":152,"column":2}},"19":{"start":{"line":155,"column":0},"end":{"line":162,"column":2}},"20":{"start":{"line":164,"column":0},"end":{"line":171,"column":2}},"21":{"start":{"line":173,"column":0},"end":{"line":180,"column":2}}},"fnMap":{},"branchMap":{},"s":{"0":1,"1":1,"2":1,"3":1,"4":1,"5":1,"6":1,"7":1,"8":1,"9":1,"10":1,"11":1,"12":1,"13":1,"14":1,"15":1,"16":1,"17":1,"18":1,"19":1,"20":1,"21":1},"f":{},"b":{}}
,"/app/src/lib/custom_response.lib.ts": {"path":"/app/src/lib/custom_response.lib.ts","statementMap":{"0":{"start":{"line":2,"column":0},"end":{"line":2,"column":33}},"1":{"start":{"line":12,"column":4},"end":{"line":12,"column":21}},"2":{"start":{"line":13,"column":4},"end":{"line":13,"column":25}},"3":{"start":{"line":15,"column":4},"end":{"line":20,"column":null}},"4":{"start":{"line":16,"column":6},"end":{"line":16,"column":26}},"5":{"start":{"line":17,"column":6},"end":{"line":17,"column":30}},"6":{"start":{"line":19,"column":6},"end":{"line":19,"column":13}},"7":{"start":{"line":22,"column":4},"end":{"line":28,"column":null}},"8":{"start":{"line":23,"column":6},"end":{"line":23,"column":53}},"9":{"start":{"line":24,"column":6},"end":{"line":24,"column":61}},"10":{"start":{"line":25,"column":6},"end":{"line":25,"column":33}},"11":{"start":{"line":27,"column":6},"end":{"line":27,"column":13}},"12":{"start":{"line":4,"column":0},"end":{"line":4,"column":13}}},"fnMap":{"0":{"name":"(anonymous_0)","decl":{"start":{"line":11,"column":2},"end":{"line":11,"column":14}},"loc":{"start":{"line":11,"column":59},"end":{"line":29,"column":3}}}},"branchMap":{"0":{"loc":{"start":{"line":15,"column":4},"end":{"line":20,"column":null}},"type":"if","locations":[{"start":{"line":15,"column":4},"end":{"line":20,"column":null}}]},"1":{"loc":{"start":{"line":22,"column":4},"end":{"line":28,"column":null}},"type":"if","locations":[{"start":{"line":22,"column":4},"end":{"line":28,"column":null}}]}},"s":{"0":1,"1":9,"2":9,"3":9,"4":4,"5":4,"6":4,"7":5,"8":5,"9":5,"10":5,"11":5,"12":1},"f":{"0":9},"b":{"0":[4],"1":[5]}}
,"/app/src/lib/index.ts": {"path":"/app/src/lib/index.ts","statementMap":{"0":{"start":{"line":1,"column":0},"end":{"line":1,"column":9}},"1":{"start":{"line":1,"column":9},"end":{"line":1,"column":38}},"2":{"start":{"line":2,"column":0},"end":{"line":2,"column":9}},"3":{"start":{"line":2,"column":9},"end":{"line":2,"column":49}},"4":{"start":{"line":3,"column":0},"end":{"line":3,"column":9}},"5":{"start":{"line":3,"column":9},"end":{"line":3,"column":51}},"6":{"start":{"line":4,"column":0},"end":{"line":4,"column":9}},"7":{"start":{"line":4,"column":9},"end":{"line":4,"column":55}},"8":{"start":{"line":5,"column":0},"end":{"line":5,"column":9}},"9":{"start":{"line":5,"column":9},"end":{"line":5,"column":36}}},"fnMap":{"0":{"name":"(anonymous_0)","decl":{"start":{"line":1,"column":9},"end":{"line":1,"column":15}},"loc":{"start":{"line":1,"column":9},"end":{"line":1,"column":38}}},"1":{"name":"(anonymous_1)","decl":{"start":{"line":2,"column":9},"end":{"line":2,"column":20}},"loc":{"start":{"line":2,"column":9},"end":{"line":2,"column":49}}},"2":{"name":"(anonymous_2)","decl":{"start":{"line":3,"column":9},"end":{"line":3,"column":21}},"loc":{"start":{"line":3,"column":9},"end":{"line":3,"column":51}}},"3":{"name":"(anonymous_3)","decl":{"start":{"line":4,"column":9},"end":{"line":4,"column":23}},"loc":{"start":{"line":4,"column":9},"end":{"line":4,"column":55}}},"4":{"name":"(anonymous_4)","decl":{"start":{"line":5,"column":9},"end":{"line":5,"column":14}},"loc":{"start":{"line":5,"column":9},"end":{"line":5,"column":36}}}},"branchMap":{},"s":{"0":1,"1":32,"2":1,"3":11,"4":1,"5":36,"6":1,"7":11,"8":1,"9":1},"f":{"0":31,"1":10,"2":35,"3":10,"4":0},"b":{}}
,"/app/src/lib/logger.lib.ts": {"path":"/app/src/lib/logger.lib.ts","statementMap":{"0":{"start":{"line":1,"column":0},"end":{"line":1,"column":24}},"1":{"start":{"line":2,"column":0},"end":{"line":2,"column":35}},"2":{"start":{"line":4,"column":18},"end":{"line":11,"column":8}},"3":{"start":{"line":13,"column":13},"end":{"line":34,"column":3}},"4":{"start":{"line":23,"column":6},"end":{"line":25,"column":null}},"5":{"start":{"line":24,"column":8},"end":{"line":24,"column":54}},"6":{"start":{"line":27,"column":6},"end":{"line":29,"column":null}},"7":{"start":{"line":28,"column":8},"end":{"line":28,"column":53}},"8":{"start":{"line":31,"column":6},"end":{"line":31,"column":18}}},"fnMap":{"0":{"name":"(anonymous_1)","decl":{"start":{"line":22,"column":10},"end":{"line":22,"column":11}},"loc":{"start":{"line":22,"column":32},"end":{"line":32,"column":5}}}},"branchMap":{"0":{"loc":{"start":{"line":4,"column":18},"end":{"line":11,"column":8}},"type":"cond-expr","locations":[{"start":{"line":5,"column":4},"end":{"line":10,"column":null}},{"start":{"line":11,"column":4},"end":{"line":11,"column":8}}]},"1":{"loc":{"start":{"line":23,"column":6},"end":{"line":25,"column":null}},"type":"if","locations":[{"start":{"line":23,"column":6},"end":{"line":25,"column":null}}]},"2":{"loc":{"start":{"line":27,"column":6},"end":{"line":29,"column":null}},"type":"if","locations":[{"start":{"line":27,"column":6},"end":{"line":29,"column":null}}]}},"s":{"0":1,"1":1,"2":1,"3":1,"4":0,"5":0,"6":0,"7":0,"8":0},"f":{"0":0},"b":{"0":[1,0],"1":[0],"2":[0]}}
,"/app/src/lib/umzug.lib.ts": {"path":"/app/src/lib/umzug.lib.ts","statementMap":{"0":{"start":{"line":1,"column":0},"end":{"line":1,"column":38}},"1":{"start":{"line":2,"column":0},"end":{"line":2,"column":48}},"2":{"start":{"line":3,"column":0},"end":{"line":3,"column":38}},"3":{"start":{"line":4,"column":0},"end":{"line":4,"column":27}},"4":{"start":{"line":6,"column":24},"end":{"line":6,"column":35}},"5":{"start":{"line":8,"column":13},"end":{"line":23,"column":3}},"6":{"start":{"line":12,"column":24},"end":{"line":12,"column":43}},"7":{"start":{"line":13,"column":6},"end":{"line":17,"column":8}},"8":{"start":{"line":15,"column":24},"end":{"line":15,"column":62}},"9":{"start":{"line":16,"column":26},"end":{"line":16,"column":66}}},"fnMap":{"0":{"name":"(anonymous_0)","decl":{"start":{"line":11,"column":13},"end":{"line":11,"column":14}},"loc":{"start":{"line":11,"column":41},"end":{"line":18,"column":5}}},"1":{"name":"(anonymous_1)","decl":{"start":{"line":15,"column":12},"end":{"line":15,"column":17}},"loc":{"start":{"line":15,"column":24},"end":{"line":15,"column":62}}},"2":{"name":"(anonymous_2)","decl":{"start":{"line":16,"column":14},"end":{"line":16,"column":19}},"loc":{"start":{"line":16,"column":26},"end":{"line":16,"column":66}}}},"branchMap":{"0":{"loc":{"start":{"line":12,"column":32},"end":{"line":12,"column":42}},"type":"binary-expr","locations":[{"start":{"line":12,"column":32},"end":{"line":12,"column":36}},{"start":{"line":12,"column":40},"end":{"line":12,"column":42}}]}},"s":{"0":1,"1":1,"2":1,"3":1,"4":1,"5":1,"6":0,"7":0,"8":0,"9":0},"f":{"0":0,"1":0,"2":0},"b":{"0":[0,0]}}
,"/app/src/models/category.model.ts": {"path":"/app/src/models/category.model.ts","statementMap":{"0":{"start":{"line":1,"column":0},"end":{"line":1,"column":48}},"1":{"start":{"line":2,"column":0},"end":{"line":2,"column":43}},"2":{"start":{"line":3,"column":0},"end":{"line":3,"column":102}},"3":{"start":{"line":6,"column":7},"end":{"line":44,"column":null}},"4":{"start":{"line":7,"column":2},"end":{"line":14,"column":null}},"5":{"start":{"line":16,"column":2},"end":{"line":20,"column":null}},"6":{"start":{"line":22,"column":2},"end":{"line":26,"column":null}},"7":{"start":{"line":28,"column":2},"end":{"line":31,"column":null}},"8":{"start":{"line":33,"column":2},"end":{"line":34,"column":null}},"9":{"start":{"line":33,"column":17},"end":{"line":33,"column":33}},"10":{"start":{"line":36,"column":2},"end":{"line":40,"column":null}},"11":{"start":{"line":36,"column":20},"end":{"line":36,"column":29}},"12":{"start":{"line":42,"column":2},"end":{"line":43,"column":null}},"13":{"start":{"line":42,"column":19},"end":{"line":42,"column":28}},"14":{"start":{"line":6,"column":13},"end":{"line":44,"column":null}},"15":{"start":{"line":6,"column":13},"end":{"line":6,"column":26}},"16":{"start":{"line":46,"column":0},"end":{"line":46,"column":29}}},"fnMap":{"0":{"name":"(anonymous_2)","decl":{"start":{"line":33,"column":11},"end":{"line":33,"column":14}},"loc":{"start":{"line":33,"column":17},"end":{"line":33,"column":33}}},"1":{"name":"(anonymous_3)","decl":{"start":{"line":36,"column":14},"end":{"line":36,"column":17}},"loc":{"start":{"line":36,"column":20},"end":{"line":36,"column":29}}},"2":{"name":"(anonymous_4)","decl":{"start":{"line":42,"column":13},"end":{"line":42,"column":16}},"loc":{"start":{"line":42,"column":19},"end":{"line":42,"column":28}}}},"branchMap":{},"s":{"0":1,"1":1,"2":1,"3":1,"4":1,"5":1,"6":1,"7":1,"8":1,"9":2,"10":1,"11":0,"12":1,"13":2,"14":1,"15":1,"16":1},"f":{"0":2,"1":0,"2":2},"b":{}}
,"/app/src/models/financial_goals.model.ts": {"path":"/app/src/models/financial_goals.model.ts","statementMap":{"0":{"start":{"line":1,"column":0},"end":{"line":1,"column":102}},"1":{"start":{"line":2,"column":0},"end":{"line":2,"column":71}},"2":{"start":{"line":3,"column":0},"end":{"line":3,"column":48}},"3":{"start":{"line":6,"column":7},"end":{"line":65,"column":null}},"4":{"start":{"line":7,"column":2},"end":{"line":14,"column":null}},"5":{"start":{"line":16,"column":2},"end":{"line":20,"column":null}},"6":{"start":{"line":22,"column":2},"end":{"line":23,"column":null}},"7":{"start":{"line":25,"column":2},"end":{"line":26,"column":null}},"8":{"start":{"line":28,"column":2},"end":{"line":29,"column":null}},"9":{"start":{"line":31,"column":2},"end":{"line":32,"column":null}},"10":{"start":{"line":34,"column":2},"end":{"line":35,"column":null}},"11":{"start":{"line":37,"column":2},"end":{"line":41,"column":null}},"12":{"start":{"line":43,"column":2},"end":{"line":47,"column":null}},"13":{"start":{"line":49,"column":2},"end":{"line":52,"column":null}},"14":{"start":{"line":54,"column":2},"end":{"line":58,"column":null}},"15":{"start":{"line":54,"column":20},"end":{"line":54,"column":29}},"16":{"start":{"line":60,"column":2},"end":{"line":61,"column":null}},"17":{"start":{"line":60,"column":19},"end":{"line":60,"column":28}},"18":{"start":{"line":63,"column":2},"end":{"line":64,"column":null}},"19":{"start":{"line":63,"column":17},"end":{"line":63,"column":33}},"20":{"start":{"line":6,"column":13},"end":{"line":65,"column":null}},"21":{"start":{"line":6,"column":13},"end":{"line":6,"column":31}},"22":{"start":{"line":67,"column":0},"end":{"line":67,"column":34}}},"fnMap":{"0":{"name":"(anonymous_2)","decl":{"start":{"line":54,"column":14},"end":{"line":54,"column":17}},"loc":{"start":{"line":54,"column":20},"end":{"line":54,"column":29}}},"1":{"name":"(anonymous_3)","decl":{"start":{"line":60,"column":13},"end":{"line":60,"column":16}},"loc":{"start":{"line":60,"column":19},"end":{"line":60,"column":28}}},"2":{"name":"(anonymous_4)","decl":{"start":{"line":63,"column":11},"end":{"line":63,"column":14}},"loc":{"start":{"line":63,"column":17},"end":{"line":63,"column":33}}}},"branchMap":{},"s":{"0":1,"1":1,"2":1,"3":1,"4":1,"5":1,"6":1,"7":1,"8":1,"9":1,"10":1,"11":1,"12":1,"13":1,"14":1,"15":0,"16":1,"17":2,"18":1,"19":2,"20":1,"21":1,"22":1},"f":{"0":0,"1":2,"2":2},"b":{}}
,"/app/src/models/index.ts": {"path":"/app/src/models/index.ts","statementMap":{"0":{"start":{"line":1,"column":0},"end":{"line":1,"column":9}},"1":{"start":{"line":1,"column":9},"end":{"line":1,"column":40}},"2":{"start":{"line":2,"column":0},"end":{"line":2,"column":9}},"3":{"start":{"line":2,"column":9},"end":{"line":2,"column":41}},"4":{"start":{"line":3,"column":0},"end":{"line":3,"column":9}},"5":{"start":{"line":3,"column":9},"end":{"line":3,"column":47}},"6":{"start":{"line":4,"column":0},"end":{"line":4,"column":9}},"7":{"start":{"line":4,"column":9},"end":{"line":4,"column":49}},"8":{"start":{"line":5,"column":0},"end":{"line":5,"column":9}},"9":{"start":{"line":5,"column":9},"end":{"line":5,"column":55}},"10":{"start":{"line":6,"column":0},"end":{"line":6,"column":9}},"11":{"start":{"line":6,"column":9},"end":{"line":6,"column":61}}},"fnMap":{"0":{"name":"(anonymous_0)","decl":{"start":{"line":1,"column":9},"end":{"line":1,"column":18}},"loc":{"start":{"line":1,"column":9},"end":{"line":1,"column":40}}},"1":{"name":"(anonymous_1)","decl":{"start":{"line":2,"column":9},"end":{"line":2,"column":18}},"loc":{"start":{"line":2,"column":9},"end":{"line":2,"column":41}}},"2":{"name":"(anonymous_2)","decl":{"start":{"line":3,"column":9},"end":{"line":3,"column":21}},"loc":{"start":{"line":3,"column":9},"end":{"line":3,"column":47}}},"3":{"name":"(anonymous_3)","decl":{"start":{"line":4,"column":9},"end":{"line":4,"column":22}},"loc":{"start":{"line":4,"column":9},"end":{"line":4,"column":49}}},"4":{"name":"(anonymous_4)","decl":{"start":{"line":5,"column":9},"end":{"line":5,"column":25}},"loc":{"start":{"line":5,"column":9},"end":{"line":5,"column":55}}},"5":{"name":"(anonymous_5)","decl":{"start":{"line":6,"column":9},"end":{"line":6,"column":27}},"loc":{"start":{"line":6,"column":9},"end":{"line":6,"column":61}}}},"branchMap":{},"s":{"0":1,"1":4,"2":1,"3":26,"4":1,"5":9,"6":1,"7":10,"8":1,"9":9,"10":1,"11":4},"f":{"0":3,"1":25,"2":8,"3":9,"4":8,"5":3},"b":{}}
,"/app/src/models/sequelize.ts": {"path":"/app/src/models/sequelize.ts","statementMap":{"0":{"start":{"line":1,"column":0},"end":{"line":1,"column":32}},"1":{"start":{"line":2,"column":0},"end":{"line":2,"column":49}},"2":{"start":{"line":3,"column":0},"end":{"line":3,"column":35}},"3":{"start":{"line":7,"column":25},"end":{"line":42,"column":1}},"4":{"start":{"line":8,"column":2},"end":{"line":10,"column":null}},"5":{"start":{"line":9,"column":4},"end":{"line":9,"column":29}},"6":{"start":{"line":11,"column":14},"end":{"line":11,"column":24}},"7":{"start":{"line":13,"column":17},"end":{"line":13,"column":99}},"8":{"start":{"line":15,"column":2},"end":{"line":39,"column":5}},"9":{"start":{"line":31,"column":6},"end":{"line":33,"column":null}},"10":{"start":{"line":32,"column":8},"end":{"line":32,"column":26}},"11":{"start":{"line":37,"column":6},"end":{"line":37,"column":106}},"12":{"start":{"line":41,"column":2},"end":{"line":41,"column":27}},"13":{"start":{"line":7,"column":13},"end":{"line":7,"column":25}}},"fnMap":{"0":{"name":"(anonymous_0)","decl":{"start":{"line":7,"column":25},"end":{"line":7,"column":28}},"loc":{"start":{"line":7,"column":30},"end":{"line":42,"column":1}}},"1":{"name":"(anonymous_1)","decl":{"start":{"line":30,"column":13},"end":{"line":30,"column":14}},"loc":{"start":{"line":30,"column":21},"end":{"line":34,"column":5}}},"2":{"name":"(anonymous_2)","decl":{"start":{"line":36,"column":16},"end":{"line":36,"column":17}},"loc":{"start":{"line":36,"column":37},"end":{"line":38,"column":5}}}},"branchMap":{"0":{"loc":{"start":{"line":8,"column":2},"end":{"line":10,"column":null}},"type":"if","locations":[{"start":{"line":8,"column":2},"end":{"line":10,"column":null}}]},"1":{"loc":{"start":{"line":13,"column":34},"end":{"line":13,"column":96}},"type":"cond-expr","locations":[{"start":{"line":13,"column":68},"end":{"line":13,"column":81}},{"start":{"line":13,"column":84},"end":{"line":13,"column":96}}]},"2":{"loc":{"start":{"line":31,"column":6},"end":{"line":33,"column":null}},"type":"if","locations":[{"start":{"line":31,"column":6},"end":{"line":33,"column":null}}]}},"s":{"0":1,"1":1,"2":1,"3":1,"4":3,"5":2,"6":1,"7":1,"8":1,"9":12,"10":12,"11":10,"12":1,"13":1},"f":{"0":3,"1":12,"2":10},"b":{"0":[2],"1":[1,0],"2":[12]}}
,"/app/src/models/session.model.ts": {"path":"/app/src/models/session.model.ts","statementMap":{"0":{"start":{"line":1,"column":0},"end":{"line":1,"column":93}},"1":{"start":{"line":2,"column":0},"end":{"line":2,"column":30}},"2":{"start":{"line":5,"column":7},"end":{"line":27,"column":null}},"3":{"start":{"line":6,"column":2},"end":{"line":13,"column":null}},"4":{"start":{"line":15,"column":2},"end":{"line":16,"column":null}},"5":{"start":{"line":18,"column":2},"end":{"line":19,"column":null}},"6":{"start":{"line":21,"column":2},"end":{"line":23,"column":null}},"7":{"start":{"line":21,"column":20},"end":{"line":21,"column":29}},"8":{"start":{"line":25,"column":2},"end":{"line":26,"column":null}},"9":{"start":{"line":25,"column":19},"end":{"line":25,"column":28}},"10":{"start":{"line":5,"column":13},"end":{"line":27,"column":null}},"11":{"start":{"line":5,"column":13},"end":{"line":5,"column":25}},"12":{"start":{"line":29,"column":0},"end":{"line":29,"column":28}}},"fnMap":{"0":{"name":"(anonymous_2)","decl":{"start":{"line":21,"column":14},"end":{"line":21,"column":17}},"loc":{"start":{"line":21,"column":20},"end":{"line":21,"column":29}}},"1":{"name":"(anonymous_3)","decl":{"start":{"line":25,"column":13},"end":{"line":25,"column":16}},"loc":{"start":{"line":25,"column":19},"end":{"line":25,"column":28}}}},"branchMap":{},"s":{"0":1,"1":1,"2":1,"3":1,"4":1,"5":1,"6":1,"7":0,"8":1,"9":4,"10":1,"11":1,"12":1},"f":{"0":0,"1":4},"b":{}}
,"/app/src/models/transaction.model.ts": {"path":"/app/src/models/transaction.model.ts","statementMap":{"0":{"start":{"line":1,"column":0},"end":{"line":1,"column":93}},"1":{"start":{"line":2,"column":0},"end":{"line":2,"column":68}},"2":{"start":{"line":3,"column":0},"end":{"line":3,"column":45}},"3":{"start":{"line":4,"column":0},"end":{"line":4,"column":57}},"4":{"start":{"line":7,"column":7},"end":{"line":75,"column":null}},"5":{"start":{"line":8,"column":2},"end":{"line":15,"column":null}},"6":{"start":{"line":17,"column":2},"end":{"line":18,"column":null}},"7":{"start":{"line":20,"column":2},"end":{"line":21,"column":null}},"8":{"start":{"line":23,"column":2},"end":{"line":24,"column":null}},"9":{"start":{"line":26,"column":2},"end":{"line":27,"column":null}},"10":{"start":{"line":29,"column":2},"end":{"line":32,"column":null}},"11":{"start":{"line":34,"column":2},"end":{"line":38,"column":null}},"12":{"start":{"line":40,"column":2},"end":{"line":44,"column":null}},"13":{"start":{"line":46,"column":2},"end":{"line":50,"column":null}},"14":{"start":{"line":52,"column":2},"end":{"line":53,"column":null}},"15":{"start":{"line":55,"column":2},"end":{"line":57,"column":null}},"16":{"start":{"line":55,"column":20},"end":{"line":55,"column":29}},"17":{"start":{"line":59,"column":2},"end":{"line":60,"column":null}},"18":{"start":{"line":59,"column":19},"end":{"line":59,"column":28}},"19":{"start":{"line":62,"column":2},"end":{"line":64,"column":null}},"20":{"start":{"line":62,"column":20},"end":{"line":62,"column":33}},"21":{"start":{"line":66,"column":2},"end":{"line":67,"column":null}},"22":{"start":{"line":66,"column":19},"end":{"line":66,"column":32}},"23":{"start":{"line":69,"column":2},"end":{"line":71,"column":null}},"24":{"start":{"line":69,"column":20},"end":{"line":69,"column":38}},"25":{"start":{"line":73,"column":2},"end":{"line":74,"column":null}},"26":{"start":{"line":73,"column":19},"end":{"line":73,"column":37}},"27":{"start":{"line":7,"column":13},"end":{"line":75,"column":null}},"28":{"start":{"line":7,"column":13},"end":{"line":7,"column":29}},"29":{"start":{"line":77,"column":0},"end":{"line":77,"column":32}}},"fnMap":{"0":{"name":"(anonymous_3)","decl":{"start":{"line":55,"column":14},"end":{"line":55,"column":17}},"loc":{"start":{"line":55,"column":20},"end":{"line":55,"column":29}}},"1":{"name":"(anonymous_4)","decl":{"start":{"line":59,"column":13},"end":{"line":59,"column":16}},"loc":{"start":{"line":59,"column":19},"end":{"line":59,"column":28}}},"2":{"name":"(anonymous_5)","decl":{"start":{"line":62,"column":14},"end":{"line":62,"column":17}},"loc":{"start":{"line":62,"column":20},"end":{"line":62,"column":33}}},"3":{"name":"(anonymous_6)","decl":{"start":{"line":66,"column":13},"end":{"line":66,"column":16}},"loc":{"start":{"line":66,"column":19},"end":{"line":66,"column":32}}},"4":{"name":"(anonymous_7)","decl":{"start":{"line":69,"column":14},"end":{"line":69,"column":17}},"loc":{"start":{"line":69,"column":20},"end":{"line":69,"column":38}}},"5":{"name":"(anonymous_8)","decl":{"start":{"line":73,"column":13},"end":{"line":73,"column":16}},"loc":{"start":{"line":73,"column":19},"end":{"line":73,"column":37}}}},"branchMap":{},"s":{"0":1,"1":1,"2":1,"3":1,"4":1,"5":1,"6":1,"7":1,"8":1,"9":1,"10":1,"11":1,"12":1,"13":1,"14":1,"15":1,"16":4,"17":1,"18":2,"19":1,"20":3,"21":1,"22":2,"23":1,"24":1,"25":1,"26":2,"27":1,"28":1,"29":1},"f":{"0":4,"1":2,"2":3,"3":2,"4":1,"5":2},"b":{}}
,"/app/src/models/user.model.ts": {"path":"/app/src/models/user.model.ts","statementMap":{"0":{"start":{"line":1,"column":0},"end":{"line":1,"column":79}},"1":{"start":{"line":2,"column":0},"end":{"line":2,"column":86}},"2":{"start":{"line":8,"column":7},"end":{"line":44,"column":null}},"3":{"start":{"line":9,"column":2},"end":{"line":16,"column":null}},"4":{"start":{"line":18,"column":2},"end":{"line":19,"column":null}},"5":{"start":{"line":21,"column":2},"end":{"line":22,"column":null}},"6":{"start":{"line":24,"column":2},"end":{"line":25,"column":null}},"7":{"start":{"line":27,"column":2},"end":{"line":28,"column":null}},"8":{"start":{"line":30,"column":2},"end":{"line":31,"column":null}},"9":{"start":{"line":33,"column":2},"end":{"line":34,"column":null}},"10":{"start":{"line":33,"column":17},"end":{"line":33,"column":29}},"11":{"start":{"line":36,"column":2},"end":{"line":37,"column":null}},"12":{"start":{"line":36,"column":17},"end":{"line":36,"column":33}},"13":{"start":{"line":39,"column":2},"end":{"line":40,"column":null}},"14":{"start":{"line":39,"column":17},"end":{"line":39,"column":30}},"15":{"start":{"line":42,"column":2},"end":{"line":43,"column":null}},"16":{"start":{"line":42,"column":17},"end":{"line":42,"column":35}},"17":{"start":{"line":8,"column":13},"end":{"line":44,"column":null}},"18":{"start":{"line":8,"column":13},"end":{"line":8,"column":22}},"19":{"start":{"line":46,"column":0},"end":{"line":46,"column":25}}},"fnMap":{"0":{"name":"(anonymous_2)","decl":{"start":{"line":33,"column":11},"end":{"line":33,"column":14}},"loc":{"start":{"line":33,"column":17},"end":{"line":33,"column":29}}},"1":{"name":"(anonymous_3)","decl":{"start":{"line":36,"column":11},"end":{"line":36,"column":14}},"loc":{"start":{"line":36,"column":17},"end":{"line":36,"column":33}}},"2":{"name":"(anonymous_4)","decl":{"start":{"line":39,"column":11},"end":{"line":39,"column":14}},"loc":{"start":{"line":39,"column":17},"end":{"line":39,"column":30}}},"3":{"name":"(anonymous_5)","decl":{"start":{"line":42,"column":11},"end":{"line":42,"column":14}},"loc":{"start":{"line":42,"column":17},"end":{"line":42,"column":35}}}},"branchMap":{},"s":{"0":1,"1":1,"2":1,"3":1,"4":1,"5":1,"6":1,"7":1,"8":1,"9":1,"10":3,"11":1,"12":3,"13":1,"14":3,"15":1,"16":3,"17":1,"18":1,"19":1},"f":{"0":3,"1":3,"2":3,"3":3},"b":{}}
,"/app/src/routes/auth.route.ts": {"path":"/app/src/routes/auth.route.ts","statementMap":{"0":{"start":{"line":1,"column":0},"end":{"line":1,"column":33}},"1":{"start":{"line":2,"column":0},"end":{"line":2,"column":70}},"2":{"start":{"line":3,"column":0},"end":{"line":3,"column":48}},"3":{"start":{"line":5,"column":23},"end":{"line":5,"column":31}},"4":{"start":{"line":7,"column":0},"end":{"line":7,"column":76}},"5":{"start":{"line":9,"column":0},"end":{"line":9,"column":86}},"6":{"start":{"line":11,"column":13},"end":{"line":11,"column":41}}},"fnMap":{},"branchMap":{},"s":{"0":1,"1":1,"2":1,"3":1,"4":1,"5":1,"6":1},"f":{},"b":{}}
,"/app/src/routes/category.route.ts": {"path":"/app/src/routes/category.route.ts","statementMap":{"0":{"start":{"line":1,"column":0},"end":{"line":1,"column":33}},"1":{"start":{"line":2,"column":0},"end":{"line":2,"column":74}},"2":{"start":{"line":4,"column":23},"end":{"line":4,"column":31}},"3":{"start":{"line":6,"column":0},"end":{"line":6,"column":95}},"4":{"start":{"line":8,"column":0},"end":{"line":12,"column":45}},"5":{"start":{"line":14,"column":13},"end":{"line":14,"column":45}}},"fnMap":{},"branchMap":{},"s":{"0":1,"1":1,"2":1,"3":1,"4":1,"5":1},"f":{},"b":{}}
,"/app/src/routes/financial_goal.route.ts": {"path":"/app/src/routes/financial_goal.route.ts","statementMap":{"0":{"start":{"line":1,"column":0},"end":{"line":1,"column":33}},"1":{"start":{"line":2,"column":0},"end":{"line":2,"column":79}},"2":{"start":{"line":3,"column":0},"end":{"line":3,"column":57}},"3":{"start":{"line":5,"column":23},"end":{"line":5,"column":31}},"4":{"start":{"line":7,"column":0},"end":{"line":11,"column":98}},"5":{"start":{"line":13,"column":0},"end":{"line":16,"column":53}},"6":{"start":{"line":18,"column":13},"end":{"line":18,"column":50}}},"fnMap":{},"branchMap":{},"s":{"0":1,"1":1,"2":1,"3":1,"4":1,"5":1,"6":1},"f":{},"b":{}}
,"/app/src/routes/health.route.ts": {"path":"/app/src/routes/health.route.ts","statementMap":{"0":{"start":{"line":1,"column":0},"end":{"line":1,"column":66}},"1":{"start":{"line":2,"column":0},"end":{"line":2,"column":40}},"2":{"start":{"line":4,"column":23},"end":{"line":4,"column":31}},"3":{"start":{"line":6,"column":0},"end":{"line":8,"column":3}},"4":{"start":{"line":7,"column":2},"end":{"line":7,"column":57}},"5":{"start":{"line":10,"column":13},"end":{"line":10,"column":43}}},"fnMap":{"0":{"name":"(anonymous_0)","decl":{"start":{"line":6,"column":16},"end":{"line":6,"column":17}},"loc":{"start":{"line":6,"column":70},"end":{"line":8,"column":1}}}},"branchMap":{},"s":{"0":1,"1":1,"2":1,"3":1,"4":0,"5":1},"f":{"0":0},"b":{}}
,"/app/src/routes/index.ts": {"path":"/app/src/routes/index.ts","statementMap":{"0":{"start":{"line":1,"column":0},"end":{"line":1,"column":33}},"1":{"start":{"line":2,"column":0},"end":{"line":2,"column":42}},"2":{"start":{"line":3,"column":0},"end":{"line":3,"column":50}},"3":{"start":{"line":4,"column":0},"end":{"line":4,"column":61}},"4":{"start":{"line":5,"column":0},"end":{"line":5,"column":46}},"5":{"start":{"line":6,"column":0},"end":{"line":6,"column":54}},"6":{"start":{"line":7,"column":0},"end":{"line":7,"column":56}},"7":{"start":{"line":8,"column":0},"end":{"line":8,"column":42}},"8":{"start":{"line":10,"column":23},"end":{"line":10,"column":31}},"9":{"start":{"line":12,"column":0},"end":{"line":12,"column":34}},"10":{"start":{"line":13,"column":0},"end":{"line":13,"column":36}},"11":{"start":{"line":14,"column":0},"end":{"line":14,"column":33}},"12":{"start":{"line":15,"column":0},"end":{"line":15,"column":32}},"13":{"start":{"line":16,"column":0},"end":{"line":16,"column":47}},"14":{"start":{"line":17,"column":0},"end":{"line":17,"column":42}},"15":{"start":{"line":18,"column":0},"end":{"line":18,"column":52}},"16":{"start":{"line":20,"column":13},"end":{"line":20,"column":42}}},"fnMap":{},"branchMap":{},"s":{"0":1,"1":1,"2":1,"3":1,"4":1,"5":1,"6":1,"7":1,"8":1,"9":1,"10":1,"11":1,"12":1,"13":1,"14":1,"15":1,"16":1},"f":{},"b":{}}
,"/app/src/routes/middleware.route.ts": {"path":"/app/src/routes/middleware.route.ts","statementMap":{"0":{"start":{"line":1,"column":0},"end":{"line":1,"column":33}},"1":{"start":{"line":2,"column":0},"end":{"line":2,"column":54}},"2":{"start":{"line":4,"column":23},"end":{"line":4,"column":31}},"3":{"start":{"line":6,"column":0},"end":{"line":6,"column":47}},"4":{"start":{"line":8,"column":13},"end":{"line":8,"column":47}}},"fnMap":{},"branchMap":{},"s":{"0":1,"1":1,"2":1,"3":1,"4":1},"f":{},"b":{}}
[...]
,"/app/src/types/DTOs/user/model.ts": {"path":"/app/src/types/DTOs/user/model.ts","statementMap":{"0":{"start":{"line":1,"column":0},"end":{"line":1,"column":58}},"1":{"start":{"line":2,"column":0},"end":{"line":2,"column":79}},"2":{"start":{"line":5,"column":7},"end":{"line":39,"column":null}},"3":{"start":{"line":6,"column":2},"end":{"line":7,"column":null}},"4":{"start":{"line":9,"column":2},"end":{"line":10,"column":null}},"5":{"start":{"line":12,"column":2},"end":{"line":13,"column":null}},"6":{"start":{"line":15,"column":2},"end":{"line":16,"column":null}},"7":{"start":{"line":18,"column":2},"end":{"line":19,"column":null}},"8":{"start":{"line":21,"column":2},"end":{"line":22,"column":null}},"9":{"start":{"line":24,"column":2},"end":{"line":26,"column":null}},"10":{"start":{"line":24,"column":14},"end":{"line":24,"column":24}},"11":{"start":{"line":28,"column":2},"end":{"line":30,"column":null}},"12":{"start":{"line":28,"column":14},"end":{"line":28,"column":28}},"13":{"start":{"line":32,"column":2},"end":{"line":34,"column":null}},"14":{"start":{"line":32,"column":14},"end":{"line":32,"column":25}},"15":{"start":{"line":36,"column":2},"end":{"line":38,"column":null}},"16":{"start":{"line":36,"column":14},"end":{"line":36,"column":30}},"17":{"start":{"line":5,"column":13},"end":{"line":39,"column":null}},"18":{"start":{"line":5,"column":13},"end":{"line":5,"column":20}}},"fnMap":{"0":{"name":"(anonymous_2)","decl":{"start":{"line":24,"column":8},"end":{"line":24,"column":11}},"loc":{"start":{"line":24,"column":14},"end":{"line":24,"column":24}}},"1":{"name":"(anonymous_3)","decl":{"start":{"line":28,"column":8},"end":{"line":28,"column":11}},"loc":{"start":{"line":28,"column":14},"end":{"line":28,"column":28}}},"2":{"name":"(anonymous_4)","decl":{"start":{"line":32,"column":8},"end":{"line":32,"column":11}},"loc":{"start":{"line":32,"column":14},"end":{"line":32,"column":25}}},"3":{"name":"(anonymous_5)","decl":{"start":{"line":36,"column":8},"end":{"line":36,"column":11}},"loc":{"start":{"line":36,"column":14},"end":{"line":36,"column":30}}}},"branchMap":{},"s":{"0":1,"1":1,"2":1,"3":1,"4":1,"5":1,"6":1,"7":1,"8":1,"9":1,"10":4,"11":1,"12":4,"13":1,"14":4,"15":1,"16":4,"17":1,"18":1},"f":{"0":4,"1":4,"2":4,"3":4},"b":{}}
,"/app/src/types/request/financial_goal/financial_goal.ts": {"path":"/app/src/types/request/financial_goal/financial_goal.ts","statementMap":{"0":{"start":{"line":25,"column":4},"end":{"line":25,"column":21}},"1":{"start":{"line":26,"column":4},"end":{"line":26,"column":21}},"2":{"start":{"line":27,"column":4},"end":{"line":27,"column":37}},"3":{"start":{"line":28,"column":4},"end":{"line":28,"column":29}},"4":{"start":{"line":29,"column":4},"end":{"line":29,"column":21}},"5":{"start":{"line":30,"column":4},"end":{"line":30,"column":23}},"6":{"start":{"line":31,"column":4},"end":{"line":31,"column":21}},"7":{"start":{"line":32,"column":4},"end":{"line":32,"column":25}},"8":{"start":{"line":14,"column":0},"end":{"line":14,"column":13}}},"fnMap":{"0":{"name":"(anonymous_0)","decl":{"start":{"line":24,"column":2},"end":{"line":24,"column":14}},"loc":{"start":{"line":24,"column":104},"end":{"line":33,"column":3}}}},"branchMap":{},"s":{"0":0,"1":0,"2":0,"3":0,"4":0,"5":0,"6":0,"7":0,"8":1},"f":{"0":0},"b":{}}
,"/app/src/types/request/financial_goal/index.ts": {"path":"/app/src/types/request/financial_goal/index.ts","statementMap":{"0":{"start":{"line":1,"column":0},"end":{"line":1,"column":34}},"1":{"start":{"line":1,"column":34},"end":{"line":1,"column":80}},"2":{"start":{"line":2,"column":0},"end":{"line":2,"column":9}},"3":{"start":{"line":2,"column":9},"end":{"line":2,"column":69}}},"fnMap":{"0":{"name":"(anonymous_0)","decl":{"start":{"line":1,"column":34},"end":{"line":1,"column":53}},"loc":{"start":{"line":1,"column":34},"end":{"line":1,"column":80}}},"1":{"name":"(anonymous_1)","decl":{"start":{"line":2,"column":9},"end":{"line":2,"column":35}},"loc":{"start":{"line":2,"column":9},"end":{"line":2,"column":69}}}},"branchMap":{},"s":{"0":1,"1":1,"2":1,"3":1},"f":{"0":0,"1":0},"b":{}}
,"/app/src/types/request/financial_goal/update.ts": {"path":"/app/src/types/request/financial_goal/update.ts","statementMap":{"0":{"start":{"line":25,"column":4},"end":{"line":25,"column":21}},"1":{"start":{"line":26,"column":4},"end":{"line":26,"column":37}},"2":{"start":{"line":27,"column":4},"end":{"line":27,"column":21}},"3":{"start":{"line":28,"column":4},"end":{"line":28,"column":29}},"4":{"start":{"line":29,"column":4},"end":{"line":29,"column":21}},"5":{"start":{"line":30,"column":4},"end":{"line":30,"column":23}},"6":{"start":{"line":31,"column":4},"end":{"line":31,"column":21}},"7":{"start":{"line":32,"column":4},"end":{"line":32,"column":39}},"8":{"start":{"line":14,"column":0},"end":{"line":14,"column":13}}},"fnMap":{"0":{"name":"(anonymous_0)","decl":{"start":{"line":24,"column":2},"end":{"line":24,"column":14}},"loc":{"start":{"line":24,"column":101},"end":{"line":33,"column":3}}}},"branchMap":{},"s":{"0":0,"1":0,"2":0,"3":0,"4":0,"5":0,"6":0,"7":0,"8":1},"f":{"0":0},"b":{}}
,"/app/src/types/request/trsactions/index.ts": {"path":"/app/src/types/request/trsactions/index.ts","statementMap":{"0":{"start":{"line":1,"column":0},"end":{"line":1,"column":9}},"1":{"start":{"line":1,"column":9},"end":{"line":1,"column":71}}},"fnMap":{"0":{"name":"(anonymous_0)","decl":{"start":{"line":1,"column":9},"end":{"line":1,"column":33}},"loc":{"start":{"line":1,"column":9},"end":{"line":1,"column":71}}}},"branchMap":{},"s":{"0":1,"1":1},"f":{"0":0},"b":{}}
,"/app/src/types/request/trsactions/transactions.ts": {"path":"/app/src/types/request/trsactions/transactions.ts","statementMap":{"0":{"start":{"line":47,"column":4},"end":{"line":47,"column":21}},"1":{"start":{"line":48,"column":4},"end":{"line":48,"column":21}},"2":{"start":{"line":49,"column":4},"end":{"line":49,"column":25}},"3":{"start":{"line":50,"column":4},"end":{"line":50,"column":29}},"4":{"start":{"line":51,"column":4},"end":{"line":51,"column":37}},"5":{"start":{"line":52,"column":4},"end":{"line":52,"column":25}},"6":{"start":{"line":53,"column":4},"end":{"line":53,"column":19}},"7":{"start":{"line":54,"column":4},"end":{"line":54,"column":23}},"8":{"start":{"line":55,"column":4},"end":{"line":55,"column":21}},"9":{"start":{"line":56,"column":4},"end":{"line":56,"column":25}},"10":{"start":{"line":57,"column":4},"end":{"line":61,"column":null}},"11":{"start":{"line":58,"column":6},"end":{"line":58,"column":31}},"12":{"start":{"line":60,"column":6},"end":{"line":60,"column":35}},"13":{"start":{"line":19,"column":0},"end":{"line":19,"column":13}}},"fnMap":{"0":{"name":"(anonymous_0)","decl":{"start":{"line":33,"column":2},"end":{"line":33,"column":14}},"loc":{"start":{"line":46,"column":16},"end":{"line":62,"column":3}}}},"branchMap":{"0":{"loc":{"start":{"line":57,"column":4},"end":{"line":61,"column":null}},"type":"if","locations":[{"start":{"line":57,"column":4},"end":{"line":61,"column":null}},{"start":{"line":59,"column":11},"end":{"line":61,"column":null}}]}},"s":{"0":0,"1":0,"2":0,"3":0,"4":0,"5":0,"6":0,"7":0,"8":0,"9":0,"10":0,"11":0,"12":0,"13":1},"f":{"0":0},"b":{"0":[0,0]}}
,"/app/src/types/request/user/index.ts": {"path":"/app/src/types/request/user/index.ts","statementMap":{"0":{"start":{"line":1,"column":0},"end":{"line":1,"column":9}},"1":{"start":{"line":1,"column":9},"end":{"line":1,"column":54}}},"fnMap":{"0":{"name":"(anonymous_0)","decl":{"start":{"line":1,"column":9},"end":{"line":1,"column":28}},"loc":{"start":{"line":1,"column":9},"end":{"line":1,"column":54}}}},"branchMap":{},"s":{"0":1,"1":5},"f":{"0":4},"b":{}}
,"/app/src/types/request/user/register_user.ts": {"path":"/app/src/types/request/user/register_user.ts","statementMap":{"0":{"start":{"line":15,"column":4},"end":{"line":15,"column":23}},"1":{"start":{"line":16,"column":4},"end":{"line":16,"column":29}},"2":{"start":{"line":17,"column":4},"end":{"line":17,"column":31}},"3":{"start":{"line":18,"column":4},"end":{"line":18,"column":29}},"4":{"start":{"line":8,"column":0},"end":{"line":8,"column":13}}},"fnMap":{"0":{"name":"(anonymous_0)","decl":{"start":{"line":14,"column":2},"end":{"line":14,"column":14}},"loc":{"start":{"line":14,"column":67},"end":{"line":19,"column":3}}}},"branchMap":{},"s":{"0":4,"1":4,"2":4,"3":4,"4":1},"f":{"0":4},"b":{}}
,"/app/src/utils/index.ts": {"path":"/app/src/utils/index.ts","statementMap":{"0":{"start":{"line":1,"column":0},"end":{"line":1,"column":9}},"1":{"start":{"line":1,"column":9},"end":{"line":1,"column":47}}},"fnMap":{"0":{"name":"(anonymous_0)","decl":{"start":{"line":1,"column":9},"end":{"line":1,"column":21}},"loc":{"start":{"line":1,"column":9},"end":{"line":1,"column":47}}}},"branchMap":{},"s":{"0":1,"1":3},"f":{"0":2},"b":{}}
,"/app/src/utils/password.util.ts": {"path":"/app/src/utils/password.util.ts","statementMap":{"0":{"start":{"line":1,"column":0},"end":{"line":1,"column":28}},"1":{"start":{"line":5,"column":17},"end":{"line":5,"column":41}},"2":{"start":{"line":6,"column":4},"end":{"line":6,"column":39}},"3":{"start":{"line":10,"column":4},"end":{"line":10,"column":92}},"4":{"start":{"line":3,"column":0},"end":{"line":3,"column":13}}},"fnMap":{"0":{"name":"(anonymous_1)","decl":{"start":{"line":4,"column":9},"end":{"line":4,"column":15}},"loc":{"start":{"line":4,"column":51},"end":{"line":7,"column":3}}},"1":{"name":"(anonymous_2)","decl":{"start":{"line":9,"column":9},"end":{"line":9,"column":15}},"loc":{"start":{"line":9,"column":78},"end":{"line":11,"column":3}}}},"branchMap":{"0":{"loc":{"start":{"line":10,"column":11},"end":{"line":10,"column":91}},"type":"cond-expr","locations":[{"start":{"line":10,"column":43},"end":{"line":10,"column":48}},{"start":{"line":10,"column":51},"end":{"line":10,"column":91}}]},"1":{"loc":{"start":{"line":10,"column":13},"end":{"line":10,"column":39}},"type":"binary-expr","locations":[{"start":{"line":10,"column":13},"end":{"line":10,"column":21}},{"start":{"line":10,"column":25},"end":{"line":10,"column":39}}]}},"s":{"0":1,"1":1,"2":1,"3":1,"4":1},"f":{"0":1,"1":1},"b":{"0":[0,1],"1":[1,1]}}
,"/app/src/validations/financial_goal.validation.ts": {"path":"/app/src/validations/financial_goal.validation.ts","statementMap":{"0":{"start":{"line":1,"column":0},"end":{"line":1,"column":71}},"1":{"start":{"line":2,"column":0},"end":{"line":2,"column":41}},"2":{"start":{"line":4,"column":28},"end":{"line":16,"column":2}},"3":{"start":{"line":18,"column":13},"end":{"line":20,"column":2}}},"fnMap":{},"branchMap":{},"s":{"0":1,"1":1,"2":1,"3":1},"f":{},"b":{}}
,"/app/src/validations/index.ts": {"path":"/app/src/validations/index.ts","statementMap":{"0":{"start":{"line":1,"column":0},"end":{"line":1,"column":9}},"1":{"start":{"line":1,"column":9},"end":{"line":1,"column":51}},"2":{"start":{"line":2,"column":0},"end":{"line":2,"column":9}},"3":{"start":{"line":2,"column":9},"end":{"line":2,"column":65}},"4":{"start":{"line":3,"column":0},"end":{"line":3,"column":9}},"5":{"start":{"line":3,"column":9},"end":{"line":3,"column":70}}},"fnMap":{"0":{"name":"(anonymous_0)","decl":{"start":{"line":1,"column":9},"end":{"line":1,"column":23}},"loc":{"start":{"line":1,"column":9},"end":{"line":1,"column":51}}},"1":{"name":"(anonymous_1)","decl":{"start":{"line":2,"column":9},"end":{"line":2,"column":30}},"loc":{"start":{"line":2,"column":9},"end":{"line":2,"column":65}}},"2":{"name":"(anonymous_2)","decl":{"start":{"line":3,"column":9},"end":{"line":3,"column":32}},"loc":{"start":{"line":3,"column":9},"end":{"line":3,"column":70}}}},"branchMap":{},"s":{"0":1,"1":3,"2":1,"3":4,"4":1,"5":2},"f":{"0":2,"1":3,"2":1},"b":{}}
,"/app/src/validations/transaction.validation.ts": {"path":"/app/src/validations/transaction.validation.ts","statementMap":{"0":{"start":{"line":1,"column":0},"end":{"line":1,"column":68}},"1":{"start":{"line":2,"column":0},"end":{"line":2,"column":39}},"2":{"start":{"line":3,"column":0},"end":{"line":3,"column":55}},"3":{"start":{"line":5,"column":26},"end":{"line":47,"column":2}},"4":{"start":{"line":21,"column":40},"end":{"line":21,"column":104}},"5":{"start":{"line":29,"column":43},"end":{"line":29,"column":99}},"6":{"start":{"line":45,"column":49},"end":{"line":45,"column":72}},"7":{"start":{"line":49,"column":23},"end":{"line":61,"column":2}},"8":{"start":{"line":55,"column":6},"end":{"line":57,"column":null}},"9":{"start":{"line":56,"column":8},"end":{"line":56,"column":80}},"10":{"start":{"line":63,"column":29},"end":{"line":66,"column":2}},"11":{"start":{"line":68,"column":13},"end":{"line":72,"column":2}}},"fnMap":{"0":{"name":"(anonymous_0)","decl":{"start":{"line":21,"column":12},"end":{"line":21,"column":13}},"loc":{"start":{"line":21,"column":40},"end":{"line":21,"column":104}}},"1":{"name":"(anonymous_1)","decl":{"start":{"line":29,"column":32},"end":{"line":29,"column":33}},"loc":{"start":{"line":29,"column":43},"end":{"line":29,"column":99}}},"2":{"name":"(anonymous_2)","decl":{"start":{"line":45,"column":12},"end":{"line":45,"column":13}},"loc":{"start":{"line":45,"column":49},"end":{"line":45,"column":72}}},"3":{"name":"(anonymous_3)","decl":{"start":{"line":54,"column":12},"end":{"line":54,"column":13}},"loc":{"start":{"line":54,"column":31},"end":{"line":58,"column":5}}}},"branchMap":{"0":{"loc":{"start":{"line":21,"column":40},"end":{"line":21,"column":104}},"type":"binary-expr","locations":[{"start":{"line":21,"column":40},"end":{"line":21,"column":49}},{"start":{"line":21,"column":53},"end":{"line":21,"column":104}}]},"1":{"loc":{"start":{"line":29,"column":43},"end":{"line":29,"column":99}},"type":"binary-expr","locations":[{"start":{"line":29,"column":43},"end":{"line":29,"column":69}},{"start":{"line":29,"column":73},"end":{"line":29,"column":99}}]},"2":{"loc":{"start":{"line":55,"column":6},"end":{"line":57,"column":null}},"type":"if","locations":[{"start":{"line":55,"column":6},"end":{"line":57,"column":null}}]},"3":{"loc":{"start":{"line":56,"column":15},"end":{"line":56,"column":79}},"type":"binary-expr","locations":[{"start":{"line":56,"column":15},"end":{"line":56,"column":24}},{"start":{"line":56,"column":28},"end":{"line":56,"column":79}}]}},"s":{"0":1,"1":1,"2":1,"3":1,"4":0,"5":0,"6":0,"7":1,"8":0,"9":0,"10":1,"11":1},"f":{"0":0,"1":0,"2":0,"3":0},"b":{"0":[0,0],"1":[0,0],"2":[0],"3":[0,0]}}
,"/app/src/validations/user.validation.ts": {"path":"/app/src/validations/user.validation.ts","statementMap":{"0":{"start":{"line":1,"column":0},"end":{"line":1,"column":42}},"1":{"start":{"line":3,"column":21},"end":{"line":8,"column":2}},"2":{"start":{"line":10,"column":18},"end":{"line":13,"column":2}},"3":{"start":{"line":15,"column":13},"end":{"line":18,"column":2}}},"fnMap":{},"branchMap":{},"s":{"0":1,"1":1,"2":1,"3":1},"f":{},"b":{}}
,"/app/test/factories/generic.factory.ts": {"path":"/app/test/factories/generic.factory.ts","statementMap":{"0":{"start":{"line":2,"column":2},"end":{"line":2,"column":59}},"1":{"start":{"line":5,"column":13},"end":{"line":7,"column":2}}},"fnMap":{"0":{"name":"buildHeader","decl":{"start":{"line":1,"column":9},"end":{"line":1,"column":20}},"loc":{"start":{"line":1,"column":49},"end":{"line":3,"column":1}}}},"branchMap":{},"s":{"0":9,"1":1},"f":{"0":9},"b":{}}
,"/app/test/factories/index.ts": {"path":"/app/test/factories/index.ts","statementMap":{"0":{"start":{"line":1,"column":0},"end":{"line":1,"column":9}},"1":{"start":{"line":1,"column":9},"end":{"line":1,"column":51}},"2":{"start":{"line":2,"column":0},"end":{"line":2,"column":9}},"3":{"start":{"line":2,"column":9},"end":{"line":2,"column":45}}},"fnMap":{"0":{"name":"(anonymous_0)","decl":{"start":{"line":1,"column":9},"end":{"line":1,"column":23}},"loc":{"start":{"line":1,"column":9},"end":{"line":1,"column":51}}},"1":{"name":"(anonymous_1)","decl":{"start":{"line":2,"column":9},"end":{"line":2,"column":20}},"loc":{"start":{"line":2,"column":9},"end":{"line":2,"column":45}}}},"branchMap":{},"s":{"0":1,"1":10,"2":1,"3":2},"f":{"0":9,"1":1},"b":{}}
,"/app/test/factories/user.factory.ts": {"path":"/app/test/factories/user.factory.ts","statementMap":{"0":{"start":{"line":4,"column":34},"end":{"line":9,"column":null}},"1":{"start":{"line":11,"column":13},"end":{"line":13,"column":null}}},"fnMap":{},"branchMap":{},"s":{"0":1,"1":1},"f":{},"b":{}}
,"/app/test/helpers/database.helper.ts": {"path":"/app/test/helpers/database.helper.ts","statementMap":{"0":{"start":{"line":1,"column":0},"end":{"line":1,"column":null}},"1":{"start":{"line":6,"column":2},"end":{"line":11,"column":null}},"2":{"start":{"line":14,"column":13},"end":{"line":14,"column":50}}},"fnMap":{"0":{"name":"destoryDatabase","decl":{"start":{"line":5,"column":15},"end":{"line":5,"column":30}},"loc":{"start":{"line":5,"column":30},"end":{"line":12,"column":1}}}},"branchMap":{},"s":{"0":1,"1":1,"2":1},"f":{"0":1},"b":{}}
,"/app/test/helpers/generic.helper.ts": {"path":"/app/test/helpers/generic.helper.ts","statementMap":{"0":{"start":{"line":7,"column":4},"end":{"line":7,"column":27}},"1":{"start":{"line":3,"column":0},"end":{"line":3,"column":13}}},"fnMap":{"0":{"name":"(anonymous_0)","decl":{"start":{"line":6,"column":2},"end":{"line":6,"column":14}},"loc":{"start":{"line":6,"column":41},"end":{"line":8,"column":3}}}},"branchMap":{},"s":{"0":1,"1":1},"f":{"0":1},"b":{}}
,"/app/test/helpers/index.ts": {"path":"/app/test/helpers/index.ts","statementMap":{"0":{"start":{"line":1,"column":0},"end":{"line":1,"column":9}},"1":{"start":{"line":1,"column":9},"end":{"line":1,"column":42}},"2":{"start":{"line":2,"column":0},"end":{"line":2,"column":9}},"3":{"start":{"line":2,"column":9},"end":{"line":2,"column":51}},"4":{"start":{"line":3,"column":0},"end":{"line":3,"column":9}},"5":{"start":{"line":3,"column":9},"end":{"line":3,"column":43}}},"fnMap":{"0":{"name":"(anonymous_0)","decl":{"start":{"line":1,"column":9},"end":{"line":1,"column":15}},"loc":{"start":{"line":1,"column":9},"end":{"line":1,"column":42}}},"1":{"name":"(anonymous_1)","decl":{"start":{"line":2,"column":9},"end":{"line":2,"column":23}},"loc":{"start":{"line":2,"column":9},"end":{"line":2,"column":51}}},"2":{"name":"(anonymous_2)","decl":{"start":{"line":3,"column":9},"end":{"line":3,"column":19}},"loc":{"start":{"line":3,"column":9},"end":{"line":3,"column":43}}}},"branchMap":{},"s":{"0":1,"1":2,"2":1,"3":2,"4":1,"5":2},"f":{"0":1,"1":1,"2":1},"b":{}}
,"/app/test/helpers/user.helper.ts": {"path":"/app/test/helpers/user.helper.ts","statementMap":{"0":{"start":{"line":2,"column":0},"end":{"line":2,"column":27}},"1":{"start":{"line":4,"column":0},"end":{"line":4,"column":46}},"2":{"start":{"line":8,"column":4},"end":{"line":8,"column":19}},"3":{"start":{"line":12,"column":4},"end":{"line":15,"column":18}},"4":{"start":{"line":19,"column":4},"end":{"line":22,"column":18}},"5":{"start":{"line":26,"column":4},"end":{"line":30,"column":14}},"6":{"start":{"line":34,"column":4},"end":{"line":38,"column":14}},"7":{"start":{"line":6,"column":0},"end":{"line":6,"column":13}}},"fnMap":{"0":{"name":"(anonymous_0)","decl":{"start":{"line":7,"column":2},"end":{"line":7,"column":14}},"loc":{"start":{"line":7,"column":41},"end":{"line":9,"column":3}}},"1":{"name":"(anonymous_1)","decl":{"start":{"line":11,"column":2},"end":{"line":11,"column":7}},"loc":{"start":{"line":11,"column":44},"end":{"line":16,"column":3}}},"2":{"name":"(anonymous_2)","decl":{"start":{"line":18,"column":2},"end":{"line":18,"column":7}},"loc":{"start":{"line":18,"column":55},"end":{"line":23,"column":3}}},"3":{"name":"(anonymous_3)","decl":{"start":{"line":25,"column":2},"end":{"line":25,"column":7}},"loc":{"start":{"line":25,"column":28},"end":{"line":31,"column":3}}},"4":{"name":"(anonymous_4)","decl":{"start":{"line":33,"column":2},"end":{"line":33,"column":7}},"loc":{"start":{"line":33,"column":29},"end":{"line":39,"column":3}}}},"branchMap":{},"s":{"0":1,"1":1,"2":1,"3":3,"4":2,"5":2,"6":2,"7":1},"f":{"0":1,"1":3,"2":2,"3":2,"4":2},"b":{}}
}
