TN:
SF:src/app.ts
FN:15,(anonymous_7)
FN:35,(anonymous_8)
FN:43,(anonymous_9)
FN:53,(anonymous_10)
FN:56,(anonymous_11)
FN:61,(anonymous_12)
FN:69,(anonymous_13)
FN:71,(anonymous_14)
FNF:8
FNH:7
FNDA:5,(anonymous_7)
FNDA:1,(anonymous_8)
FNDA:1,(anonymous_9)
FNDA:1,(anonymous_10)
FNDA:9,(anonymous_11)
FNDA:1,(anonymous_12)
FNDA:1,(anonymous_13)
FNDA:0,(anonymous_14)
DA:1,1
DA:2,1
DA:4,1
DA:5,1
DA:6,1
DA:7,1
DA:8,1
DA:9,1
DA:10,1
DA:11,1
DA:12,1
DA:13,1
DA:15,1
DA:16,5
DA:17,5
DA:18,5
DA:19,5
DA:22,0
DA:23,0
DA:25,0
DA:26,0
DA:29,0
DA:32,1
DA:36,1
DA:38,1
DA:39,1
DA:40,1
DA:44,1
DA:45,1
DA:46,1
DA:48,0
DA:49,0
DA:54,1
DA:56,9
DA:62,1
DA:63,1
DA:64,1
DA:65,1
DA:66,1
DA:70,1
DA:71,1
DA:72,0
DA:73,0
DA:74,0
DA:76,1
LF:45
LH:35
BRDA:16,0,0,5
BRDA:18,1,0,5
BRDA:18,1,1,5
BRDA:19,2,0,5
BRDA:19,2,1,0
BRDA:25,3,0,0
BRF:6
BRH:4
end_of_record
TN:
SF:src/config/config.ts
FNF:0
FNH:0
DA:1,1
LF:1
LH:1
BRDA:4,0,0,1
BRDA:4,0,1,0
BRF:2
BRH:1
end_of_record
TN:
SF:src/config/index.ts
FN:1,(anonymous_0)
FNF:1
FNH:1
FNDA:15,(anonymous_0)
DA:1,16
LF:1
LH:1
BRF:0
BRH:0
end_of_record
TN:
SF:src/controllers/auth.controller.ts
FN:11,login
FN:25,logout
FNF:2
FNH:2
FNDA:2,login
FNDA:1,logout
DA:2,1
DA:3,1
DA:4,1
DA:12,2
DA:13,2
DA:15,1
DA:17,1
DA:19,1
DA:21,1
DA:26,1
DA:27,1
DA:29,1
DA:31,1
DA:33,0
DA:36,1
LF:15
LH:14
BRF:0
BRH:0
end_of_record
TN:
SF:src/controllers/category.controller.ts
FN:6,deleteCategory
FN:19,getCategoryById
FN:38,getAllCategories
FNF:3
FNH:0
FNDA:0,deleteCategory
FNDA:0,getCategoryById
FNDA:0,getAllCategories
DA:1,1
DA:3,1
DA:4,1
DA:7,0
DA:8,0
DA:9,0
DA:11,0
DA:13,0
DA:15,0
DA:20,0
DA:21,0
DA:23,0
DA:28,0
DA:29,0
DA:32,0
DA:34,0
DA:39,0
DA:40,0
DA:42,0
DA:44,0
DA:48,1
LF:21
LH:4
BRDA:28,0,0,0
BRF:1
BRH:0
end_of_record
TN:
SF:src/controllers/financial_goal.controller.ts
FN:8,createFinancialGoal
FN:27,getFinancialGoalById
FN:50,getAllFinancialGoals
FNF:3
FNH:0
FNDA:0,createFinancialGoal
FNDA:0,getFinancialGoalById
FNDA:0,getAllFinancialGoals
DA:2,1
DA:3,1
DA:4,1
DA:5,1
DA:6,1
DA:9,0
DA:10,0
DA:12,0
DA:14,0
DA:19,0
DA:21,0
DA:23,0
DA:28,0
DA:29,0
DA:30,0
DA:32,0
DA:44,0
DA:46,0
DA:51,0
DA:52,0
DA:54,0
DA:65,0
DA:67,0
DA:71,1
LF:24
LH:6
BRF:0
BRH:0
end_of_record
TN:
SF:src/controllers/index.ts
FN:1,(anonymous_0)
FN:2,(anonymous_1)
FN:3,(anonymous_2)
FN:4,(anonymous_3)
FN:5,(anonymous_4)
FN:6,(anonymous_5)
FNF:6
FNH:6
FNDA:2,(anonymous_0)
FNDA:2,(anonymous_1)
FNDA:12,(anonymous_2)
FNDA:7,(anonymous_3)
FNDA:3,(anonymous_4)
FNDA:3,(anonymous_5)
DA:1,3
DA:2,3
DA:3,13
DA:4,8
DA:5,4
DA:6,4
LF:6
LH:6
BRF:0
BRH:0
end_of_record
TN:
SF:src/controllers/middleware.controller.ts
FN:4,authorization
FN:12,onlyLogin
FNF:2
FNH:2
FNDA:9,authorization
FNDA:4,onlyLogin
DA:2,1
DA:5,9
DA:6,9
DA:8,0
DA:13,4
DA:14,4
DA:16,2
DA:20,1
LF:8
LH:7
BRF:0
BRH:0
end_of_record
TN:
SF:src/controllers/transaction.controller.ts
FN:12,createTransaction
FN:34,(anonymous_1)
FN:55,getTransactionById
FN:82,getAllTransactionsByUserId
FN:126,deleteTrasactions
FN:138,getMonthsAndYears
FN:150,getTotalSavings
FN:160,(anonymous_7)
FN:174,setGoalIdInTrnasaction
FNF:9
FNH:0
FNDA:0,createTransaction
FNDA:0,(anonymous_1)
FNDA:0,getTransactionById
FNDA:0,getAllTransactionsByUserId
FNDA:0,deleteTrasactions
FNDA:0,getMonthsAndYears
FNDA:0,getTotalSavings
FNDA:0,(anonymous_7)
FNDA:0,setGoalIdInTrnasaction
DA:1,1
DA:2,1
DA:3,1
DA:4,1
DA:5,1
DA:7,1
DA:13,0
DA:14,0
DA:16,0
DA:20,0
DA:24,0
DA:26,0
DA:27,0
DA:29,0
DA:30,0
DA:33,0
DA:35,0
DA:41,0
DA:47,0
DA:49,0
DA:51,0
DA:56,0
DA:57,0
DA:58,0
DA:60,0
DA:72,0
DA:73,0
DA:76,0
DA:78,0
DA:83,0
DA:84,0
DA:86,0
DA:87,0
DA:89,0
DA:93,0
DA:94,0
DA:97,0
DA:98,0
DA:101,0
DA:102,0
DA:105,0
DA:106,0
DA:110,0
DA:111,0
DA:113,0
DA:120,0
DA:122,0
DA:127,0
DA:128,0
DA:130,0
DA:132,0
DA:134,0
DA:139,0
DA:140,0
DA:142,0
DA:144,0
DA:146,0
DA:151,0
DA:152,0
DA:154,0
DA:159,0
DA:160,0
DA:164,0
DA:170,0
DA:175,0
DA:176,0
DA:178,0
DA:179,0
DA:180,0
DA:182,0
DA:184,0
DA:186,0
DA:190,1
LF:73
LH:7
BRDA:26,0,0,0
BRDA:26,0,1,0
BRDA:29,1,0,0
BRDA:72,2,0,0
BRDA:93,3,0,0
BRDA:97,4,0,0
BRDA:101,5,0,0
BRDA:105,6,0,0
BRDA:110,7,0,0
BRDA:110,7,1,0
BRF:10
BRH:0
end_of_record
TN:
SF:src/controllers/user.controller.ts
FN:11,createUser
FN:25,getUserById
FNF:2
FNH:2
FNDA:3,createUser
FNDA:1,getUserById
DA:2,1
DA:3,1
DA:4,1
DA:5,1
DA:7,1
DA:8,1
DA:9,1
DA:12,3
DA:13,3
DA:15,2
DA:17,2
DA:19,2
DA:21,2
DA:26,1
DA:27,1
DA:29,1
DA:30,0
DA:33,1
DA:39,1
DA:41,0
DA:45,1
LF:21
LH:19
BRDA:29,0,0,0
BRF:1
BRH:0
end_of_record
TN:
SF:src/enums/api_error.enum.ts
FN:1,(anonymous_0)
FN:2,(anonymous_1)
FN:11,(anonymous_2)
FN:18,(anonymous_3)
FN:26,(anonymous_4)
FN:34,(anonymous_5)
FN:40,(anonymous_6)
FNF:7
FNH:7
FNDA:1,(anonymous_0)
FNDA:1,(anonymous_1)
FNDA:1,(anonymous_2)
FNDA:1,(anonymous_3)
FNDA:1,(anonymous_4)
FNDA:1,(anonymous_5)
FNDA:1,(anonymous_6)
DA:1,1
DA:2,1
DA:3,1
DA:4,1
DA:5,1
DA:6,1
DA:7,1
DA:8,1
DA:11,1
DA:12,1
DA:13,1
DA:14,1
DA:15,1
DA:18,1
DA:19,1
DA:20,1
DA:21,1
DA:22,1
DA:23,1
DA:26,1
DA:27,1
DA:28,1
DA:29,1
DA:30,1
DA:31,1
DA:34,1
DA:35,1
DA:36,1
DA:37,1
DA:40,1
DA:41,1
DA:42,1
LF:32
LH:32
BRDA:2,0,0,1
BRDA:2,0,1,1
BRDA:11,1,0,1
BRDA:11,1,1,1
BRDA:18,2,0,1
BRDA:18,2,1,1
BRDA:26,3,0,1
BRDA:26,3,1,1
BRDA:34,4,0,1
BRDA:34,4,1,1
BRDA:40,5,0,1
BRDA:40,5,1,1
BRDA:1,6,0,1
BRDA:1,6,1,1
BRF:14
BRH:14
end_of_record
TN:
SF:src/enums/currency.enum.ts
FN:1,(anonymous_0)
FNF:1
FNH:1
FNDA:1,(anonymous_0)
DA:1,1
DA:2,1
DA:3,1
DA:4,1
LF:4
LH:4
BRDA:1,0,0,1
BRDA:1,0,1,1
BRF:2
BRH:2
end_of_record
TN:
SF:src/enums/financial_goals.enum.ts
FN:1,(anonymous_0)
FNF:1
FNH:1
FNDA:1,(anonymous_0)
DA:1,1
DA:2,1
DA:3,1
LF:3
LH:3
BRDA:1,0,0,1
BRDA:1,0,1,1
BRF:2
BRH:2
end_of_record
TN:
SF:src/enums/index.ts
FN:1,(anonymous_0)
FN:2,(anonymous_1)
FN:3,(anonymous_2)
FN:4,(anonymous_3)
FN:5,(anonymous_4)
FNF:5
FNH:5
FNDA:27,(anonymous_0)
FNDA:12,(anonymous_1)
FNDA:4,(anonymous_2)
FNDA:6,(anonymous_3)
FNDA:7,(anonymous_4)
DA:1,28
DA:2,13
DA:3,5
DA:4,7
DA:5,8
LF:5
LH:5
BRF:0
BRH:0
end_of_record
TN:
SF:src/enums/month.enum.ts
FN:1,(anonymous_0)
FNF:1
FNH:1
FNDA:1,(anonymous_0)
DA:1,1
DA:2,1
DA:3,1
DA:4,1
DA:5,1
DA:6,1
DA:7,1
DA:8,1
DA:9,1
DA:10,1
DA:11,1
DA:12,1
DA:13,1
LF:13
LH:13
BRDA:1,0,0,1
BRDA:1,0,1,1
BRF:2
BRH:2
end_of_record
TN:
SF:src/enums/transaction_type.enum.ts
FN:1,(anonymous_0)
FNF:1
FNH:1
FNDA:1,(anonymous_0)
DA:1,1
DA:2,1
DA:3,1
DA:4,1
DA:5,1
LF:5
LH:5
BRDA:1,0,0,1
BRDA:1,0,1,1
BRF:2
BRH:2
end_of_record
TN:
SF:src/helpers/day.helper.ts
FN:4,(anonymous_1)
FNF:1
FNH:0
FNDA:0,(anonymous_1)
DA:1,1
DA:2,1
DA:4,1
DA:5,0
DA:10,0
DA:18,0
DA:21,0
DA:23,0
DA:24,0
DA:26,0
DA:31,1
LF:11
LH:4
BRDA:5,0,0,0
BRDA:5,0,1,0
BRDA:5,0,2,0
BRDA:5,0,3,0
BRDA:5,0,4,0
BRDA:5,0,5,0
BRDA:5,0,6,0
BRDA:5,0,7,0
BRDA:5,0,8,0
BRDA:5,0,9,0
BRDA:5,0,10,0
BRDA:23,1,0,0
BRDA:23,1,1,0
BRDA:23,2,0,0
BRDA:23,2,1,0
BRF:15
BRH:0
end_of_record
TN:
SF:src/helpers/index.ts
FN:1,(anonymous_0)
FN:2,(anonymous_1)
FN:3,(anonymous_2)
FNF:3
FNH:1
FNDA:5,(anonymous_0)
FNDA:0,(anonymous_1)
FNDA:0,(anonymous_2)
DA:1,6
DA:2,1
DA:3,1
LF:3
LH:3
BRF:0
BRH:0
end_of_record
TN:
SF:src/helpers/transaction.helper.ts
FN:6,(anonymous_0)
FNF:1
FNH:0
FNDA:0,(anonymous_0)
DA:1,1
DA:4,1
DA:6,1
DA:9,0
DA:11,0
DA:12,0
DA:13,0
DA:20,0
DA:21,0
DA:28,0
DA:29,0
DA:35,0
DA:39,0
DA:47,0
DA:48,0
DA:55,0
DA:62,0
DA:69,0
DA:70,0
DA:77,0
DA:78,0
DA:83,0
DA:84,0
DA:90,0
DA:91,0
DA:96,0
DA:103,0
DA:104,0
DA:114,0
DA:117,1
LF:30
LH:4
BRDA:12,0,0,0
BRDA:20,1,0,0
BRDA:20,2,0,0
BRDA:20,2,1,0
BRDA:28,3,0,0
BRDA:28,3,1,0
BRDA:35,4,0,0
BRDA:36,5,0,0
BRDA:36,5,1,0
BRDA:36,5,2,0
BRDA:47,6,0,0
BRDA:55,7,0,0
BRDA:57,8,0,0
BRDA:57,8,1,0
BRDA:57,8,2,0
BRDA:69,9,0,0
BRDA:69,10,0,0
BRDA:69,10,1,0
BRDA:77,11,0,0
BRDA:77,11,1,0
BRDA:77,12,0,0
BRDA:77,12,1,0
BRDA:83,13,0,0
BRDA:83,13,1,0
BRDA:83,14,0,0
BRDA:83,14,1,0
BRDA:90,15,0,0
BRDA:90,16,0,0
BRDA:90,16,1,0
BRDA:91,17,0,0
BRDA:92,18,0,0
BRDA:92,18,1,0
BRDA:92,18,2,0
BRDA:103,19,0,0
BRF:34
BRH:0
end_of_record
TN:
SF:src/helpers/validation.helper.ts
FN:6,(anonymous_0)
FNF:1
FNH:1
FNDA:5,(anonymous_0)
DA:2,1
DA:3,1
DA:4,1
DA:6,1
DA:7,5
DA:9,5
DA:10,2
DA:14,1
LF:8
LH:8
BRDA:9,0,0,2
BRF:1
BRH:1
end_of_record
TN:
SF:src/lib/custom_error.lib.ts
FN:9,(anonymous_0)
FNF:1
FNH:1
FNDA:5,(anonymous_0)
DA:1,1
DA:3,1
DA:10,5
DA:11,5
DA:12,5
DA:13,5
DA:14,5
LF:7
LH:7
BRF:0
BRH:0
end_of_record
TN:
SF:src/lib/custom_errors.lib.ts
FNF:0
FNH:0
DA:2,1
DA:4,1
DA:6,1
DA:15,1
DA:24,1
DA:33,1
DA:42,1
DA:52,1
DA:61,1
DA:70,1
DA:81,1
DA:90,1
DA:99,1
DA:108,1
DA:118,1
DA:127,1
DA:136,1
DA:145,1
DA:155,1
DA:164,1
DA:173,1
DA:182,1
LF:22
LH:22
BRF:0
BRH:0
end_of_record
TN:
SF:src/lib/custom_response.lib.ts
FN:11,(anonymous_0)
FNF:1
FNH:1
FNDA:9,(anonymous_0)
DA:2,1
DA:4,1
DA:12,9
DA:13,9
DA:15,9
DA:16,4
DA:17,4
DA:19,4
DA:22,5
DA:23,5
DA:24,5
DA:25,5
DA:27,5
LF:13
LH:13
BRDA:15,0,0,4
BRDA:22,1,0,5
BRF:2
BRH:2
end_of_record
TN:
SF:src/lib/index.ts
FN:1,(anonymous_0)
FN:2,(anonymous_1)
FN:3,(anonymous_2)
FN:4,(anonymous_3)
FN:5,(anonymous_4)
FNF:5
FNH:4
FNDA:31,(anonymous_0)
FNDA:10,(anonymous_1)
FNDA:35,(anonymous_2)
FNDA:10,(anonymous_3)
FNDA:0,(anonymous_4)
DA:1,32
DA:2,11
DA:3,36
DA:4,11
DA:5,1
LF:5
LH:5
BRF:0
BRH:0
end_of_record
TN:
SF:src/lib/logger.lib.ts
FN:22,(anonymous_1)
FNF:1
FNH:0
FNDA:0,(anonymous_1)
DA:1,1
DA:2,1
DA:4,1
DA:13,1
DA:23,0
DA:24,0
DA:27,0
DA:28,0
DA:31,0
LF:9
LH:4
BRDA:4,0,0,1
BRDA:4,0,1,0
BRDA:23,1,0,0
BRDA:27,2,0,0
BRF:4
BRH:1
end_of_record
TN:
SF:src/lib/umzug.lib.ts
FN:11,(anonymous_0)
FN:15,(anonymous_1)
FN:16,(anonymous_2)
FNF:3
FNH:0
FNDA:0,(anonymous_0)
FNDA:0,(anonymous_1)
FNDA:0,(anonymous_2)
DA:1,1
DA:2,1
DA:3,1
DA:4,1
DA:6,1
DA:8,1
DA:12,0
DA:13,0
DA:15,0
DA:16,0
LF:10
LH:6
BRDA:12,0,0,0
BRDA:12,0,1,0
BRF:2
BRH:0
end_of_record
TN:
SF:src/models/category.model.ts
FN:33,(anonymous_2)
FN:36,(anonymous_3)
FN:42,(anonymous_4)
FNF:3
FNH:2
FNDA:2,(anonymous_2)
FNDA:0,(anonymous_3)
FNDA:2,(anonymous_4)
DA:1,1
DA:2,1
DA:3,1
DA:6,1
DA:7,1
DA:16,1
DA:22,1
DA:28,1
DA:33,2
DA:36,1
DA:42,2
DA:46,1
LF:12
LH:12
BRF:0
BRH:0
end_of_record
TN:
SF:src/models/financial_goals.model.ts
FN:54,(anonymous_2)
FN:60,(anonymous_3)
FN:63,(anonymous_4)
FNF:3
FNH:2
FNDA:0,(anonymous_2)
FNDA:2,(anonymous_3)
FNDA:2,(anonymous_4)
DA:1,1
DA:2,1
DA:3,1
DA:6,1
DA:7,1
DA:16,1
DA:22,1
DA:25,1
DA:28,1
DA:31,1
DA:34,1
DA:37,1
DA:43,1
DA:49,1
DA:54,1
DA:60,2
DA:63,2
DA:67,1
LF:18
LH:18
BRF:0
BRH:0
end_of_record
TN:
SF:src/models/index.ts
FN:1,(anonymous_0)
FN:2,(anonymous_1)
FN:3,(anonymous_2)
FN:4,(anonymous_3)
FN:5,(anonymous_4)
FN:6,(anonymous_5)
FNF:6
FNH:6
FNDA:3,(anonymous_0)
FNDA:25,(anonymous_1)
FNDA:8,(anonymous_2)
FNDA:9,(anonymous_3)
FNDA:8,(anonymous_4)
FNDA:3,(anonymous_5)
DA:1,4
DA:2,26
DA:3,9
DA:4,10
DA:5,9
DA:6,4
LF:6
LH:6
BRF:0
BRH:0
end_of_record
TN:
SF:src/models/sequelize.ts
FN:7,(anonymous_0)
FN:30,(anonymous_1)
FN:36,(anonymous_2)
FNF:3
FNH:3
FNDA:3,(anonymous_0)
FNDA:12,(anonymous_1)
FNDA:10,(anonymous_2)
DA:1,1
DA:2,1
DA:3,1
DA:7,1
DA:8,3
DA:9,2
DA:11,1
DA:13,1
DA:15,1
DA:31,12
DA:32,12
DA:37,10
DA:41,1
LF:13
LH:13
BRDA:8,0,0,2
BRDA:13,1,0,1
BRDA:13,1,1,0
BRDA:31,2,0,12
BRF:4
BRH:3
end_of_record
TN:
SF:src/models/session.model.ts
FN:21,(anonymous_2)
FN:25,(anonymous_3)
FNF:2
FNH:1
FNDA:0,(anonymous_2)
FNDA:4,(anonymous_3)
DA:1,1
DA:2,1
DA:5,1
DA:6,1
DA:15,1
DA:18,1
DA:21,1
DA:25,4
DA:29,1
LF:9
LH:9
BRF:0
BRH:0
end_of_record
TN:
SF:src/models/transaction.model.ts
FN:55,(anonymous_3)
FN:59,(anonymous_4)
FN:62,(anonymous_5)
FN:66,(anonymous_6)
FN:69,(anonymous_7)
FN:73,(anonymous_8)
FNF:6
FNH:6
FNDA:4,(anonymous_3)
FNDA:2,(anonymous_4)
FNDA:3,(anonymous_5)
FNDA:2,(anonymous_6)
FNDA:1,(anonymous_7)
FNDA:2,(anonymous_8)
DA:1,1
DA:2,1
DA:3,1
DA:4,1
DA:7,1
DA:8,1
DA:17,1
DA:20,1
DA:23,1
DA:26,1
DA:29,1
DA:34,1
DA:40,1
DA:46,1
DA:52,1
DA:55,4
DA:59,2
DA:62,3
DA:66,2
DA:69,1
DA:73,2
DA:77,1
LF:22
LH:22
BRF:0
BRH:0
end_of_record
TN:
SF:src/models/user.model.ts
FN:33,(anonymous_2)
FN:36,(anonymous_3)
FN:39,(anonymous_4)
FN:42,(anonymous_5)
FNF:4
FNH:4
FNDA:3,(anonymous_2)
FNDA:3,(anonymous_3)
FNDA:3,(anonymous_4)
FNDA:3,(anonymous_5)
DA:1,1
DA:2,1
DA:8,1
DA:9,1
DA:18,1
DA:21,1
DA:24,1
DA:27,1
DA:30,1
DA:33,3
DA:36,3
DA:39,3
DA:42,3
DA:46,1
LF:14
LH:14
BRF:0
BRH:0
end_of_record
TN:
SF:src/routes/auth.route.ts
FNF:0
FNH:0
DA:1,1
DA:2,1
DA:3,1
DA:5,1
DA:7,1
DA:9,1
DA:11,1
LF:7
LH:7
BRF:0
BRH:0
end_of_record
TN:
SF:src/routes/category.route.ts
FNF:0
FNH:0
DA:1,1
DA:2,1
DA:4,1
DA:6,1
DA:8,1
DA:14,1
LF:6
LH:6
BRF:0
BRH:0
end_of_record
TN:
SF:src/routes/financial_goal.route.ts
FNF:0
FNH:0
DA:1,1
DA:2,1
DA:3,1
DA:5,1
DA:7,1
DA:13,1
DA:18,1
LF:7
LH:7
BRF:0
BRH:0
end_of_record
TN:
SF:src/routes/health.route.ts
FN:6,(anonymous_0)
FNF:1
FNH:0
FNDA:0,(anonymous_0)
DA:1,1
DA:2,1
DA:4,1
DA:6,1
DA:7,0
DA:10,1
LF:6
LH:5
BRF:0
BRH:0
end_of_record
TN:
SF:src/routes/index.ts
FNF:0
FNH:0
DA:1,1
DA:2,1
DA:3,1
DA:4,1
DA:5,1
DA:6,1
DA:7,1
DA:8,1
DA:10,1
DA:12,1
DA:13,1
DA:14,1
DA:15,1
DA:16,1
DA:17,1
DA:18,1
DA:20,1
LF:17
LH:17
BRF:0
BRH:0
end_of_record
TN:
SF:src/routes/middleware.route.ts
FNF:0
FNH:0
DA:1,1
DA:2,1
DA:4,1
DA:6,1
DA:8,1
LF:5
LH:5
BRF:0
BRH:0
end_of_record
TN:
SF:src/routes/transaction.route.ts
FNF:0
FNH:0
DA:1,1
DA:2,1
DA:3,1
DA:5,1
DA:7,1
DA:13,1
DA:15,1
DA:20,1
DA:25,1
DA:31,1
LF:10
LH:10
BRF:0
BRH:0
end_of_record
TN:
SF:src/routes/user.route.ts
FNF:0
FNH:0
DA:1,1
DA:2,1
DA:3,1
DA:5,1
DA:7,1
DA:12,1
LF:6
LH:6
BRF:0
BRH:0
end_of_record
TN:
SF:src/services/auth.service.ts
FN:9,login
FN:28,(anonymous_1)
FN:29,(anonymous_2)
FN:45,logout
FNF:4
FNH:4
FNDA:1,login
FNDA:1,(anonymous_1)
FNDA:1,(anonymous_2)
FNDA:1,logout
DA:1,1
DA:2,1
DA:3,1
DA:4,1
DA:6,1
DA:7,1
DA:10,1
DA:11,1
DA:13,1
DA:14,0
DA:15,0
DA:18,1
DA:19,0
DA:22,1
DA:28,1
DA:29,1
DA:30,1
DA:31,0
DA:33,1
DA:37,1
DA:42,1
DA:46,1
DA:53,1
LF:23
LH:19
BRDA:13,0,0,0
BRDA:18,1,0,0
BRDA:30,2,0,0
BRF:3
BRH:0
end_of_record
TN:
SF:src/services/category.service.ts
FN:14,getAllCategories
FN:24,deleteCategory
FN:67,getCategory
FN:97,createCategory
FNF:4
FNH:0
FNDA:0,getAllCategories
FNDA:0,deleteCategory
FNDA:0,getCategory
FNDA:0,createCategory
DA:1,1
DA:2,1
DA:4,1
DA:6,1
DA:7,1
DA:15,0
DA:21,0
DA:25,0
DA:26,0
DA:27,0
DA:28,0
DA:36,0
DA:49,0
DA:50,0
DA:53,0
DA:60,0
DA:62,0
DA:63,0
DA:72,0
DA:73,0
DA:76,0
DA:77,0
DA:83,0
DA:84,0
DA:87,0
DA:89,0
DA:90,0
DA:93,0
DA:98,0
DA:99,0
DA:102,0
DA:103,0
DA:107,0
DA:108,0
DA:111,0
DA:113,0
DA:114,0
DA:117,0
DA:121,1
LF:39
LH:6
BRDA:27,0,0,0
BRDA:49,1,0,0
BRDA:69,2,0,0
BRDA:70,3,0,0
BRDA:72,4,0,0
BRDA:83,5,0,0
BRDA:89,6,0,0
BRDA:97,7,0,0
BRDA:98,8,0,0
BRDA:107,9,0,0
BRDA:113,10,0,0
BRF:11
BRH:0
end_of_record
TN:
SF:src/services/financial_goal.service.ts
FN:13,createFinancialGoal
FN:19,updateFinancialGoal
FN:38,getFinancialGoal
FN:50,getAllFinancialGoals
FNF:4
FNH:0
FNDA:0,createFinancialGoal
FNDA:0,updateFinancialGoal
FNDA:0,getFinancialGoal
FNDA:0,getAllFinancialGoals
DA:2,1
DA:8,1
DA:9,1
DA:10,1
DA:11,1
DA:14,0
DA:16,0
DA:23,0
DA:27,0
DA:28,0
DA:31,0
DA:35,0
DA:42,0
DA:47,0
DA:54,0
DA:59,0
DA:62,1
LF:17
LH:6
BRDA:27,0,0,0
BRF:1
BRH:0
end_of_record
TN:
SF:src/services/index.ts
FN:1,(anonymous_0)
FN:2,(anonymous_1)
FN:3,(anonymous_2)
FN:4,(anonymous_3)
FN:5,(anonymous_4)
FN:6,(anonymous_5)
FNF:6
FNH:3
FNDA:4,(anonymous_0)
FNDA:2,(anonymous_1)
FNDA:13,(anonymous_2)
FNDA:0,(anonymous_3)
FNDA:0,(anonymous_4)
FNDA:0,(anonymous_5)
DA:1,5
DA:2,3
DA:3,14
DA:4,1
DA:5,1
DA:6,1
LF:6
LH:6
BRF:0
BRH:0
end_of_record
TN:
SF:src/services/middleware.service.ts
FN:6,onlyLogin
FN:14,authorization
FNF:2
FNH:2
FNDA:4,onlyLogin
FNDA:9,authorization
DA:1,1
DA:2,1
DA:3,1
DA:7,4
DA:8,2
DA:11,2
DA:15,9
DA:17,9
DA:19,9
DA:20,7
DA:23,2
DA:34,2
DA:36,2
DA:37,0
DA:40,2
DA:42,2
DA:45,1
LF:17
LH:16
BRDA:7,0,0,2
BRDA:19,1,0,7
BRDA:36,2,0,0
BRF:3
BRH:2
end_of_record
TN:
SF:src/services/transactions.service.ts
FN:11,deleteTransaction
FN:54,createTransactionByArray
FN:80,createTransaction
FN:174,calculateBalances
FN:205,(anonymous_4)
FN:227,(anonymous_5)
FN:249,getAllTrasactions
FN:265,getTrasaction
FN:279,getMonthsAndYears
FN:299,(anonymous_9)
FN:307,updateTransaction
FN:324,setGoalIdInTransaction
FNF:12
FNH:0
FNDA:0,deleteTransaction
FNDA:0,createTransactionByArray
FNDA:0,createTransaction
FNDA:0,calculateBalances
FNDA:0,(anonymous_4)
FNDA:0,(anonymous_5)
FNDA:0,getAllTrasactions
FNDA:0,getTrasaction
FNDA:0,getMonthsAndYears
FNDA:0,(anonymous_9)
FNDA:0,updateTransaction
FNDA:0,setGoalIdInTransaction
DA:1,1
DA:4,1
DA:5,1
DA:6,1
DA:7,1
DA:8,1
DA:12,0
DA:23,0
DA:24,0
DA:27,0
DA:28,0
DA:37,0
DA:47,0
DA:57,0
DA:58,0
DA:59,0
DA:60,0
DA:62,0
DA:63,0
DA:65,0
DA:68,0
DA:70,0
DA:72,0
DA:75,0
DA:76,0
DA:85,0
DA:86,0
DA:89,0
DA:91,0
DA:92,0
DA:102,0
DA:106,0
DA:107,0
DA:110,0
DA:111,0
DA:114,0
DA:115,0
DA:118,0
DA:120,0
DA:133,0
DA:135,0
DA:137,0
DA:160,0
DA:161,0
DA:164,0
DA:166,0
DA:167,0
DA:170,0
DA:175,0
DA:184,0
DA:191,0
DA:198,0
DA:205,0
DA:206,0
DA:208,0
DA:209,0
DA:210,0
DA:212,0
DA:213,0
DA:214,0
DA:216,0
DA:217,0
DA:218,0
DA:221,0
DA:222,0
DA:223,0
DA:224,0
DA:227,0
DA:228,0
DA:231,0
DA:232,0
DA:234,0
DA:235,0
DA:237,0
DA:238,0
DA:242,0
DA:253,0
DA:258,0
DA:262,0
DA:269,0
DA:274,0
DA:280,0
DA:287,0
DA:289,0
DA:290,0
DA:291,0
DA:294,0
DA:295,0
DA:298,0
DA:300,0
DA:304,0
DA:311,0
DA:313,0
DA:314,0
DA:317,0
DA:321,0
DA:325,0
DA:333,0
DA:334,0
DA:337,0
DA:345,0
DA:346,0
DA:349,0
DA:350,0
DA:353,0
DA:358,0
DA:361,0
DA:373,0
DA:375,0
DA:385,1
LF:110
LH:7
BRDA:23,0,0,0
BRDA:27,1,0,0
BRDA:59,2,0,0
BRDA:59,2,1,0
BRDA:82,3,0,0
BRDA:83,4,0,0
BRDA:85,5,0,0
BRDA:91,6,0,0
BRDA:91,6,1,0
BRDA:106,7,0,0
BRDA:110,8,0,0
BRDA:114,9,0,0
BRDA:114,10,0,0
BRDA:114,10,1,0
BRDA:118,11,0,0
BRDA:118,11,1,0
BRDA:160,12,0,0
BRDA:166,13,0,0
BRDA:176,14,0,0
BRDA:176,14,1,0
BRDA:206,15,0,0
BRDA:206,15,1,0
BRDA:206,15,2,0
BRDA:228,16,0,0
BRDA:228,16,1,0
BRDA:228,16,2,0
BRDA:228,16,3,0
BRDA:251,17,0,0
BRDA:267,18,0,0
BRDA:290,19,0,0
BRDA:294,20,0,0
BRDA:313,21,0,0
BRDA:333,22,0,0
BRDA:345,23,0,0
BRDA:349,24,0,0
BRDA:353,25,0,0
BRDA:354,26,0,0
BRDA:354,26,1,0
BRDA:354,26,2,0
BRDA:354,26,3,0
BRF:40
BRH:0
end_of_record
TN:
SF:src/services/user.service.ts
FN:10,getUser
FN:14,createUser
FNF:2
FNH:2
FNDA:4,getUser
FNDA:2,createUser
DA:1,1
DA:2,1
DA:3,1
DA:4,1
DA:6,1
DA:7,1
DA:11,4
DA:15,2
DA:16,1
DA:19,1
DA:21,1
DA:23,1
DA:26,1
LF:13
LH:13
BRDA:10,0,0,3
BRDA:15,1,0,1
BRF:2
BRH:2
end_of_record
TN:
SF:src/types/DTOs/index.ts
FN:1,(anonymous_0)
FN:2,(anonymous_1)
FN:3,(anonymous_2)
FN:4,(anonymous_3)
FN:5,(anonymous_4)
FNF:5
FNH:5
FNDA:8,(anonymous_0)
FNDA:4,(anonymous_1)
FNDA:5,(anonymous_2)
FNDA:4,(anonymous_3)
FNDA:4,(anonymous_4)
DA:1,9
DA:2,5
DA:3,6
DA:4,5
DA:5,5
LF:5
LH:5
BRF:0
BRH:0
end_of_record
TN:
SF:src/types/DTOs/category/model.ts
FN:22,(anonymous_2)
FN:26,(anonymous_3)
FNF:2
FNH:0
FNDA:0,(anonymous_2)
FNDA:0,(anonymous_3)
DA:1,1
DA:2,1
DA:3,1
DA:6,1
DA:7,1
DA:10,1
DA:13,1
DA:16,1
DA:19,1
DA:22,1
DA:26,1
LF:11
LH:11
BRF:0
BRH:0
end_of_record
TN:
SF:src/types/DTOs/financial_goal/model.ts
FN:40,(anonymous_2)
FN:44,(anonymous_3)
FNF:2
FNH:0
FNDA:0,(anonymous_2)
FNDA:0,(anonymous_3)
DA:1,1
DA:2,1
DA:3,1
DA:6,1
DA:7,1
DA:10,1
DA:13,1
DA:16,1
DA:19,1
DA:22,1
DA:25,1
DA:28,1
DA:31,1
DA:34,1
DA:37,1
DA:40,1
DA:44,1
LF:17
LH:17
BRF:0
BRH:0
end_of_record
TN:
SF:src/types/DTOs/session/model.ts
FN:18,(anonymous_2)
FNF:1
FNH:0
FNDA:0,(anonymous_2)
DA:1,1
DA:2,1
DA:5,1
DA:6,1
DA:9,1
DA:12,1
DA:15,1
DA:18,1
LF:8
LH:8
BRF:0
BRH:0
end_of_record
TN:
SF:src/types/DTOs/transaction/model.ts
FN:40,(anonymous_2)
FN:47,(anonymous_3)
FN:53,(anonymous_4)
FNF:3
FNH:0
FNDA:0,(anonymous_2)
FNDA:0,(anonymous_3)
FNDA:0,(anonymous_4)
DA:1,1
DA:2,1
DA:3,1
DA:6,1
DA:7,1
DA:10,1
DA:13,1
DA:16,1
DA:19,1
DA:22,1
DA:25,1
DA:28,1
DA:31,1
DA:34,1
DA:37,1
DA:40,1
DA:44,1
DA:47,1
DA:50,1
DA:53,1
LF:20
LH:20
BRF:0
BRH:0
end_of_record
TN:
SF:src/types/DTOs/user/model.ts
FN:24,(anonymous_2)
FN:28,(anonymous_3)
FN:32,(anonymous_4)
FN:36,(anonymous_5)
FNF:4
FNH:4
FNDA:4,(anonymous_2)
FNDA:4,(anonymous_3)
FNDA:4,(anonymous_4)
FNDA:4,(anonymous_5)
DA:1,1
DA:2,1
DA:5,1
DA:6,1
DA:9,1
DA:12,1
DA:15,1
DA:18,1
DA:21,1
DA:24,4
DA:28,4
DA:32,4
DA:36,4
LF:13
LH:13
BRF:0
BRH:0
end_of_record
TN:
SF:src/types/request/financial_goal/financial_goal.ts
FN:24,(anonymous_0)
FNF:1
FNH:0
FNDA:0,(anonymous_0)
DA:14,1
DA:25,0
DA:26,0
DA:27,0
DA:28,0
DA:29,0
DA:30,0
DA:31,0
DA:32,0
LF:9
LH:1
BRF:0
BRH:0
end_of_record
TN:
SF:src/types/request/financial_goal/index.ts
FN:1,(anonymous_0)
FN:2,(anonymous_1)
FNF:2
FNH:0
FNDA:0,(anonymous_0)
FNDA:0,(anonymous_1)
DA:1,1
DA:2,1
LF:2
LH:2
BRF:0
BRH:0
end_of_record
TN:
SF:src/types/request/financial_goal/update.ts
FN:24,(anonymous_0)
FNF:1
FNH:0
FNDA:0,(anonymous_0)
DA:14,1
DA:25,0
DA:26,0
DA:27,0
DA:28,0
DA:29,0
DA:30,0
DA:31,0
DA:32,0
LF:9
LH:1
BRF:0
BRH:0
end_of_record
TN:
SF:src/types/request/trsactions/index.ts
FN:1,(anonymous_0)
FNF:1
FNH:0
FNDA:0,(anonymous_0)
DA:1,1
LF:1
LH:1
BRF:0
BRH:0
end_of_record
TN:
SF:src/types/request/trsactions/transactions.ts
FN:33,(anonymous_0)
FNF:1
FNH:0
FNDA:0,(anonymous_0)
DA:19,1
DA:47,0
DA:48,0
DA:49,0
DA:50,0
DA:51,0
DA:52,0
DA:53,0
DA:54,0
DA:55,0
DA:56,0
DA:57,0
DA:58,0
DA:60,0
LF:14
LH:1
BRDA:57,0,0,0
BRDA:57,0,1,0
BRF:2
BRH:0
end_of_record
TN:
SF:src/types/request/user/index.ts
FN:1,(anonymous_0)
FNF:1
FNH:1
FNDA:4,(anonymous_0)
DA:1,5
LF:1
LH:1
BRF:0
BRH:0
end_of_record
TN:
SF:src/types/request/user/register_user.ts
FN:14,(anonymous_0)
FNF:1
FNH:1
FNDA:4,(anonymous_0)
DA:8,1
DA:15,4
DA:16,4
DA:17,4
DA:18,4
LF:5
LH:5
BRF:0
BRH:0
end_of_record
TN:
SF:src/utils/index.ts
FN:1,(anonymous_0)
FNF:1
FNH:1
FNDA:2,(anonymous_0)
DA:1,3
LF:1
LH:1
BRF:0
BRH:0
end_of_record
TN:
SF:src/utils/password.util.ts
FN:4,(anonymous_1)
FN:9,(anonymous_2)
FNF:2
FNH:2
FNDA:1,(anonymous_1)
FNDA:1,(anonymous_2)
DA:1,1
DA:3,1
DA:5,1
DA:6,1
DA:10,1
LF:5
LH:5
BRDA:10,0,0,0
BRDA:10,0,1,1
BRDA:10,1,0,1
BRDA:10,1,1,1
BRF:4
BRH:3
end_of_record
TN:
SF:src/validations/financial_goal.validation.ts
FNF:0
FNH:0
DA:1,1
DA:2,1
DA:4,1
DA:18,1
LF:4
LH:4
BRF:0
BRH:0
end_of_record
TN:
SF:src/validations/index.ts
FN:1,(anonymous_0)
FN:2,(anonymous_1)
FN:3,(anonymous_2)
FNF:3
FNH:3
FNDA:2,(anonymous_0)
FNDA:3,(anonymous_1)
FNDA:1,(anonymous_2)
DA:1,3
DA:2,4
DA:3,2
LF:3
LH:3
BRF:0
BRH:0
end_of_record
TN:
SF:src/validations/transaction.validation.ts
FN:21,(anonymous_0)
FN:29,(anonymous_1)
FN:45,(anonymous_2)
FN:54,(anonymous_3)
FNF:4
FNH:0
FNDA:0,(anonymous_0)
FNDA:0,(anonymous_1)
FNDA:0,(anonymous_2)
FNDA:0,(anonymous_3)
DA:1,1
DA:2,1
DA:3,1
DA:5,1
DA:21,0
DA:29,0
DA:45,0
DA:49,1
DA:55,0
DA:56,0
DA:63,1
DA:68,1
LF:12
LH:7
BRDA:21,0,0,0
BRDA:21,0,1,0
BRDA:29,1,0,0
BRDA:29,1,1,0
BRDA:55,2,0,0
BRDA:56,3,0,0
BRDA:56,3,1,0
BRF:7
BRH:0
end_of_record
TN:
SF:src/validations/user.validation.ts
FNF:0
FNH:0
DA:1,1
DA:3,1
DA:10,1
DA:15,1
LF:4
LH:4
BRF:0
BRH:0
end_of_record
TN:
SF:test/factories/generic.factory.ts
FN:1,buildHeader
FNF:1
FNH:1
FNDA:9,buildHeader
DA:2,9
DA:5,1
LF:2
LH:2
BRF:0
BRH:0
end_of_record
TN:
SF:test/factories/index.ts
FN:1,(anonymous_0)
FN:2,(anonymous_1)
FNF:2
FNH:2
FNDA:9,(anonymous_0)
FNDA:1,(anonymous_1)
DA:1,10
DA:2,2
LF:2
LH:2
BRF:0
BRH:0
end_of_record
TN:
SF:test/factories/user.factory.ts
FNF:0
FNH:0
DA:4,1
DA:11,1
LF:2
LH:2
BRF:0
BRH:0
end_of_record
TN:
SF:test/helpers/database.helper.ts
FN:5,destoryDatabase
FNF:1
FNH:1
FNDA:1,destoryDatabase
DA:1,1
DA:6,1
DA:14,1
LF:3
LH:3
BRF:0
BRH:0
end_of_record
TN:
SF:test/helpers/generic.helper.ts
FN:6,(anonymous_0)
FNF:1
FNH:1
FNDA:1,(anonymous_0)
DA:3,1
DA:7,1
LF:2
LH:2
BRF:0
BRH:0
end_of_record
TN:
SF:test/helpers/index.ts
FN:1,(anonymous_0)
FN:2,(anonymous_1)
FN:3,(anonymous_2)
FNF:3
FNH:3
FNDA:1,(anonymous_0)
FNDA:1,(anonymous_1)
FNDA:1,(anonymous_2)
DA:1,2
DA:2,2
DA:3,2
LF:3
LH:3
BRF:0
BRH:0
end_of_record
TN:
SF:test/helpers/user.helper.ts
FN:7,(anonymous_0)
FN:11,(anonymous_1)
FN:18,(anonymous_2)
FN:25,(anonymous_3)
FN:33,(anonymous_4)
FNF:5
FNH:5
FNDA:1,(anonymous_0)
FNDA:3,(anonymous_1)
FNDA:2,(anonymous_2)
FNDA:2,(anonymous_3)
FNDA:2,(anonymous_4)
DA:2,1
DA:4,1
DA:6,1
DA:8,1
DA:12,3
DA:19,2
DA:26,2
DA:34,2
LF:8
LH:8
BRF:0
BRH:0
end_of_record
